<?xml version="1.0" encoding="UTF-8"?>
<testsuite xmlns:xsi="http://www.w3.org/2001/XMLSchema-instance" xsi:noNamespaceSchemaLocation="https://maven.apache.org/surefire/maven-surefire-plugin/xsd/surefire-test-report.xsd" name="com.gslab.exam.ExamServiceApplicationTests" time="2.185" tests="1" errors="1" skipped="0" failures="0">
  <properties>
    <property name="java.specification.version" value="16"/>
    <property name="sun.cpu.isalist" value="amd64"/>
    <property name="sun.jnu.encoding" value="Cp1252"/>
    <property name="java.class.path" value="C:\Users\GS-2218\Documents\Spring_Boot_Workspace\exam-service\target\test-classes;C:\Users\GS-2218\Documents\Spring_Boot_Workspace\exam-service\target\classes;C:\Users\GS-2218\.m2\repository\org\springframework\boot\spring-boot-starter-web\2.5.6\spring-boot-starter-web-2.5.6.jar;C:\Users\GS-2218\.m2\repository\org\springframework\boot\spring-boot-starter\2.5.6\spring-boot-starter-2.5.6.jar;C:\Users\GS-2218\.m2\repository\org\springframework\boot\spring-boot\2.5.6\spring-boot-2.5.6.jar;C:\Users\GS-2218\.m2\repository\org\springframework\boot\spring-boot-autoconfigure\2.5.6\spring-boot-autoconfigure-2.5.6.jar;C:\Users\GS-2218\.m2\repository\org\springframework\boot\spring-boot-starter-logging\2.5.6\spring-boot-starter-logging-2.5.6.jar;C:\Users\GS-2218\.m2\repository\ch\qos\logback\logback-classic\1.2.6\logback-classic-1.2.6.jar;C:\Users\GS-2218\.m2\repository\ch\qos\logback\logback-core\1.2.6\logback-core-1.2.6.jar;C:\Users\GS-2218\.m2\repository\org\apache\logging\log4j\log4j-to-slf4j\2.14.1\log4j-to-slf4j-2.14.1.jar;C:\Users\GS-2218\.m2\repository\org\apache\logging\log4j\log4j-api\2.14.1\log4j-api-2.14.1.jar;C:\Users\GS-2218\.m2\repository\org\slf4j\jul-to-slf4j\1.7.32\jul-to-slf4j-1.7.32.jar;C:\Users\GS-2218\.m2\repository\jakarta\annotation\jakarta.annotation-api\1.3.5\jakarta.annotation-api-1.3.5.jar;C:\Users\GS-2218\.m2\repository\org\yaml\snakeyaml\1.28\snakeyaml-1.28.jar;C:\Users\GS-2218\.m2\repository\org\springframework\boot\spring-boot-starter-json\2.5.6\spring-boot-starter-json-2.5.6.jar;C:\Users\GS-2218\.m2\repository\com\fasterxml\jackson\core\jackson-databind\2.12.5\jackson-databind-2.12.5.jar;C:\Users\GS-2218\.m2\repository\com\fasterxml\jackson\core\jackson-annotations\2.12.5\jackson-annotations-2.12.5.jar;C:\Users\GS-2218\.m2\repository\com\fasterxml\jackson\core\jackson-core\2.12.5\jackson-core-2.12.5.jar;C:\Users\GS-2218\.m2\repository\com\fasterxml\jackson\datatype\jackson-datatype-jdk8\2.12.5\jackson-datatype-jdk8-2.12.5.jar;C:\Users\GS-2218\.m2\repository\com\fasterxml\jackson\datatype\jackson-datatype-jsr310\2.12.5\jackson-datatype-jsr310-2.12.5.jar;C:\Users\GS-2218\.m2\repository\com\fasterxml\jackson\module\jackson-module-parameter-names\2.12.5\jackson-module-parameter-names-2.12.5.jar;C:\Users\GS-2218\.m2\repository\org\springframework\boot\spring-boot-starter-tomcat\2.5.6\spring-boot-starter-tomcat-2.5.6.jar;C:\Users\GS-2218\.m2\repository\org\apache\tomcat\embed\tomcat-embed-core\9.0.54\tomcat-embed-core-9.0.54.jar;C:\Users\GS-2218\.m2\repository\org\apache\tomcat\embed\tomcat-embed-el\9.0.54\tomcat-embed-el-9.0.54.jar;C:\Users\GS-2218\.m2\repository\org\apache\tomcat\embed\tomcat-embed-websocket\9.0.54\tomcat-embed-websocket-9.0.54.jar;C:\Users\GS-2218\.m2\repository\org\springframework\spring-web\5.3.12\spring-web-5.3.12.jar;C:\Users\GS-2218\.m2\repository\org\springframework\spring-beans\5.3.12\spring-beans-5.3.12.jar;C:\Users\GS-2218\.m2\repository\org\springframework\spring-webmvc\5.3.12\spring-webmvc-5.3.12.jar;C:\Users\GS-2218\.m2\repository\org\springframework\spring-aop\5.3.12\spring-aop-5.3.12.jar;C:\Users\GS-2218\.m2\repository\org\springframework\spring-context\5.3.12\spring-context-5.3.12.jar;C:\Users\GS-2218\.m2\repository\org\springframework\spring-expression\5.3.12\spring-expression-5.3.12.jar;C:\Users\GS-2218\.m2\repository\org\springframework\boot\spring-boot-starter-test\2.5.6\spring-boot-starter-test-2.5.6.jar;C:\Users\GS-2218\.m2\repository\org\springframework\boot\spring-boot-test\2.5.6\spring-boot-test-2.5.6.jar;C:\Users\GS-2218\.m2\repository\org\springframework\boot\spring-boot-test-autoconfigure\2.5.6\spring-boot-test-autoconfigure-2.5.6.jar;C:\Users\GS-2218\.m2\repository\com\jayway\jsonpath\json-path\2.5.0\json-path-2.5.0.jar;C:\Users\GS-2218\.m2\repository\net\minidev\json-smart\2.4.7\json-smart-2.4.7.jar;C:\Users\GS-2218\.m2\repository\net\minidev\accessors-smart\2.4.7\accessors-smart-2.4.7.jar;C:\Users\GS-2218\.m2\repository\org\ow2\asm\asm\9.1\asm-9.1.jar;C:\Users\GS-2218\.m2\repository\org\slf4j\slf4j-api\1.7.32\slf4j-api-1.7.32.jar;C:\Users\GS-2218\.m2\repository\jakarta\xml\bind\jakarta.xml.bind-api\2.3.3\jakarta.xml.bind-api-2.3.3.jar;C:\Users\GS-2218\.m2\repository\jakarta\activation\jakarta.activation-api\1.2.2\jakarta.activation-api-1.2.2.jar;C:\Users\GS-2218\.m2\repository\org\assertj\assertj-core\3.19.0\assertj-core-3.19.0.jar;C:\Users\GS-2218\.m2\repository\org\hamcrest\hamcrest\2.2\hamcrest-2.2.jar;C:\Users\GS-2218\.m2\repository\org\junit\jupiter\junit-jupiter\5.7.2\junit-jupiter-5.7.2.jar;C:\Users\GS-2218\.m2\repository\org\junit\jupiter\junit-jupiter-api\5.7.2\junit-jupiter-api-5.7.2.jar;C:\Users\GS-2218\.m2\repository\org\apiguardian\apiguardian-api\1.1.0\apiguardian-api-1.1.0.jar;C:\Users\GS-2218\.m2\repository\org\opentest4j\opentest4j\1.2.0\opentest4j-1.2.0.jar;C:\Users\GS-2218\.m2\repository\org\junit\platform\junit-platform-commons\1.7.2\junit-platform-commons-1.7.2.jar;C:\Users\GS-2218\.m2\repository\org\junit\jupiter\junit-jupiter-params\5.7.2\junit-jupiter-params-5.7.2.jar;C:\Users\GS-2218\.m2\repository\org\junit\jupiter\junit-jupiter-engine\5.7.2\junit-jupiter-engine-5.7.2.jar;C:\Users\GS-2218\.m2\repository\org\junit\platform\junit-platform-engine\1.7.2\junit-platform-engine-1.7.2.jar;C:\Users\GS-2218\.m2\repository\org\mockito\mockito-core\3.9.0\mockito-core-3.9.0.jar;C:\Users\GS-2218\.m2\repository\net\bytebuddy\byte-buddy\1.10.22\byte-buddy-1.10.22.jar;C:\Users\GS-2218\.m2\repository\net\bytebuddy\byte-buddy-agent\1.10.22\byte-buddy-agent-1.10.22.jar;C:\Users\GS-2218\.m2\repository\org\objenesis\objenesis\3.2\objenesis-3.2.jar;C:\Users\GS-2218\.m2\repository\org\mockito\mockito-junit-jupiter\3.9.0\mockito-junit-jupiter-3.9.0.jar;C:\Users\GS-2218\.m2\repository\org\skyscreamer\jsonassert\1.5.0\jsonassert-1.5.0.jar;C:\Users\GS-2218\.m2\repository\com\vaadin\external\google\android-json\0.0.20131108.vaadin1\android-json-0.0.20131108.vaadin1.jar;C:\Users\GS-2218\.m2\repository\org\springframework\spring-core\5.3.12\spring-core-5.3.12.jar;C:\Users\GS-2218\.m2\repository\org\springframework\spring-jcl\5.3.12\spring-jcl-5.3.12.jar;C:\Users\GS-2218\.m2\repository\org\springframework\spring-test\5.3.12\spring-test-5.3.12.jar;C:\Users\GS-2218\.m2\repository\org\xmlunit\xmlunit-core\2.8.3\xmlunit-core-2.8.3.jar;C:\Users\GS-2218\.m2\repository\com\amazonaws\aws-java-sdk\1.12.91\aws-java-sdk-1.12.91.jar;C:\Users\GS-2218\.m2\repository\com\amazonaws\aws-java-sdk-managedgrafana\1.12.91\aws-java-sdk-managedgrafana-1.12.91.jar;C:\Users\GS-2218\.m2\repository\com\amazonaws\aws-java-sdk-cloudcontrolapi\1.12.91\aws-java-sdk-cloudcontrolapi-1.12.91.jar;C:\Users\GS-2218\.m2\repository\com\amazonaws\aws-java-sdk-account\1.12.91\aws-java-sdk-account-1.12.91.jar;C:\Users\GS-2218\.m2\repository\com\amazonaws\aws-java-sdk-voiceid\1.12.91\aws-java-sdk-voiceid-1.12.91.jar;C:\Users\GS-2218\.m2\repository\com\amazonaws\aws-java-sdk-connectwisdom\1.12.91\aws-java-sdk-connectwisdom-1.12.91.jar;C:\Users\GS-2218\.m2\repository\com\amazonaws\aws-java-sdk-kafkaconnect\1.12.91\aws-java-sdk-kafkaconnect-1.12.91.jar;C:\Users\GS-2218\.m2\repository\com\amazonaws\aws-java-sdk-opensearch\1.12.91\aws-java-sdk-opensearch-1.12.91.jar;C:\Users\GS-2218\.m2\repository\com\amazonaws\aws-java-sdk-memorydb\1.12.91\aws-java-sdk-memorydb-1.12.91.jar;C:\Users\GS-2218\.m2\repository\com\amazonaws\aws-java-sdk-snowdevicemanagement\1.12.91\aws-java-sdk-snowdevicemanagement-1.12.91.jar;C:\Users\GS-2218\.m2\repository\com\amazonaws\aws-java-sdk-chimesdkidentity\1.12.91\aws-java-sdk-chimesdkidentity-1.12.91.jar;C:\Users\GS-2218\.m2\repository\com\amazonaws\aws-java-sdk-chimesdkmessaging\1.12.91\aws-java-sdk-chimesdkmessaging-1.12.91.jar;C:\Users\GS-2218\.m2\repository\com\amazonaws\aws-java-sdk-route53recoverycluster\1.12.91\aws-java-sdk-route53recoverycluster-1.12.91.jar;C:\Users\GS-2218\.m2\repository\com\amazonaws\aws-java-sdk-route53recoverycontrolconfig\1.12.91\aws-java-sdk-route53recoverycontrolconfig-1.12.91.jar;C:\Users\GS-2218\.m2\repository\com\amazonaws\aws-java-sdk-route53recoveryreadiness\1.12.91\aws-java-sdk-route53recoveryreadiness-1.12.91.jar;C:\Users\GS-2218\.m2\repository\com\amazonaws\aws-java-sdk-proton\1.12.91\aws-java-sdk-proton-1.12.91.jar;C:\Users\GS-2218\.m2\repository\com\amazonaws\aws-java-sdk-apprunner\1.12.91\aws-java-sdk-apprunner-1.12.91.jar;C:\Users\GS-2218\.m2\repository\com\amazonaws\aws-java-sdk-applicationcostprofiler\1.12.91\aws-java-sdk-applicationcostprofiler-1.12.91.jar;C:\Users\GS-2218\.m2\repository\com\amazonaws\aws-java-sdk-ssmcontacts\1.12.91\aws-java-sdk-ssmcontacts-1.12.91.jar;C:\Users\GS-2218\.m2\repository\com\amazonaws\aws-java-sdk-ssmincidents\1.12.91\aws-java-sdk-ssmincidents-1.12.91.jar;C:\Users\GS-2218\.m2\repository\com\amazonaws\aws-java-sdk-finspacedata\1.12.91\aws-java-sdk-finspacedata-1.12.91.jar;C:\Users\GS-2218\.m2\repository\com\amazonaws\aws-java-sdk-finspace\1.12.91\aws-java-sdk-finspace-1.12.91.jar;C:\Users\GS-2218\.m2\repository\com\amazonaws\aws-java-sdk-nimblestudio\1.12.91\aws-java-sdk-nimblestudio-1.12.91.jar;C:\Users\GS-2218\.m2\repository\com\amazonaws\aws-java-sdk-lookoutequipment\1.12.91\aws-java-sdk-lookoutequipment-1.12.91.jar;C:\Users\GS-2218\.m2\repository\com\amazonaws\aws-java-sdk-mgn\1.12.91\aws-java-sdk-mgn-1.12.91.jar;C:\Users\GS-2218\.m2\repository\com\amazonaws\aws-java-sdk-lookoutmetrics\1.12.91\aws-java-sdk-lookoutmetrics-1.12.91.jar;C:\Users\GS-2218\.m2\repository\com\amazonaws\aws-java-sdk-fis\1.12.91\aws-java-sdk-fis-1.12.91.jar;C:\Users\GS-2218\.m2\repository\com\amazonaws\aws-java-sdk-lexmodelsv2\1.12.91\aws-java-sdk-lexmodelsv2-1.12.91.jar;C:\Users\GS-2218\.m2\repository\com\amazonaws\aws-java-sdk-lexruntimev2\1.12.91\aws-java-sdk-lexruntimev2-1.12.91.jar;C:\Users\GS-2218\.m2\repository\com\amazonaws\aws-java-sdk-wellarchitected\1.12.91\aws-java-sdk-wellarchitected-1.12.91.jar;C:\Users\GS-2218\.m2\repository\com\amazonaws\aws-java-sdk-location\1.12.91\aws-java-sdk-location-1.12.91.jar;C:\Users\GS-2218\.m2\repository\com\amazonaws\aws-java-sdk-iotdeviceadvisor\1.12.91\aws-java-sdk-iotdeviceadvisor-1.12.91.jar;C:\Users\GS-2218\.m2\repository\com\amazonaws\aws-java-sdk-iotfleethub\1.12.91\aws-java-sdk-iotfleethub-1.12.91.jar;C:\Users\GS-2218\.m2\repository\com\amazonaws\aws-java-sdk-iotwireless\1.12.91\aws-java-sdk-iotwireless-1.12.91.jar;C:\Users\GS-2218\.m2\repository\com\amazonaws\aws-java-sdk-greengrassv2\1.12.91\aws-java-sdk-greengrassv2-1.12.91.jar;C:\Users\GS-2218\.m2\repository\com\amazonaws\aws-java-sdk-prometheus\1.12.91\aws-java-sdk-prometheus-1.12.91.jar;C:\Users\GS-2218\.m2\repository\com\amazonaws\aws-java-sdk-auditmanager\1.12.91\aws-java-sdk-auditmanager-1.12.91.jar;C:\Users\GS-2218\.m2\repository\com\amazonaws\aws-java-sdk-healthlake\1.12.91\aws-java-sdk-healthlake-1.12.91.jar;C:\Users\GS-2218\.m2\repository\com\amazonaws\aws-java-sdk-sagemakeredgemanager\1.12.91\aws-java-sdk-sagemakeredgemanager-1.12.91.jar;C:\Users\GS-2218\.m2\repository\com\amazonaws\aws-java-sdk-emrcontainers\1.12.91\aws-java-sdk-emrcontainers-1.12.91.jar;C:\Users\GS-2218\.m2\repository\com\amazonaws\aws-java-sdk-customerprofiles\1.12.91\aws-java-sdk-customerprofiles-1.12.91.jar;C:\Users\GS-2218\.m2\repository\com\amazonaws\aws-java-sdk-lookoutforvision\1.12.91\aws-java-sdk-lookoutforvision-1.12.91.jar;C:\Users\GS-2218\.m2\repository\com\amazonaws\aws-java-sdk-connectcontactlens\1.12.91\aws-java-sdk-connectcontactlens-1.12.91.jar;C:\Users\GS-2218\.m2\repository\com\amazonaws\aws-java-sdk-amplifybackend\1.12.91\aws-java-sdk-amplifybackend-1.12.91.jar;C:\Users\GS-2218\.m2\repository\com\amazonaws\aws-java-sdk-ecrpublic\1.12.91\aws-java-sdk-ecrpublic-1.12.91.jar;C:\Users\GS-2218\.m2\repository\com\amazonaws\aws-java-sdk-appintegrations\1.12.91\aws-java-sdk-appintegrations-1.12.91.jar;C:\Users\GS-2218\.m2\repository\com\amazonaws\aws-java-sdk-sagemakerfeaturestoreruntime\1.12.91\aws-java-sdk-sagemakerfeaturestoreruntime-1.12.91.jar;C:\Users\GS-2218\.m2\repository\com\amazonaws\aws-java-sdk-devopsguru\1.12.91\aws-java-sdk-devopsguru-1.12.91.jar;C:\Users\GS-2218\.m2\repository\com\amazonaws\aws-java-sdk-mwaa\1.12.91\aws-java-sdk-mwaa-1.12.91.jar;C:\Users\GS-2218\.m2\repository\com\amazonaws\aws-java-sdk-networkfirewall\1.12.91\aws-java-sdk-networkfirewall-1.12.91.jar;C:\Users\GS-2218\.m2\repository\com\amazonaws\aws-java-sdk-appregistry\1.12.91\aws-java-sdk-appregistry-1.12.91.jar;C:\Users\GS-2218\.m2\repository\com\amazonaws\aws-java-sdk-gluedatabrew\1.12.91\aws-java-sdk-gluedatabrew-1.12.91.jar;C:\Users\GS-2218\.m2\repository\com\amazonaws\aws-java-sdk-s3outposts\1.12.91\aws-java-sdk-s3outposts-1.12.91.jar;C:\Users\GS-2218\.m2\repository\com\amazonaws\aws-java-sdk-timestreamquery\1.12.91\aws-java-sdk-timestreamquery-1.12.91.jar;C:\Users\GS-2218\.m2\repository\com\amazonaws\aws-java-sdk-timestreamwrite\1.12.91\aws-java-sdk-timestreamwrite-1.12.91.jar;C:\Users\GS-2218\.m2\repository\com\amazonaws\aws-java-sdk-ssoadmin\1.12.91\aws-java-sdk-ssoadmin-1.12.91.jar;C:\Users\GS-2218\.m2\repository\com\amazonaws\aws-java-sdk-redshiftdataapi\1.12.91\aws-java-sdk-redshiftdataapi-1.12.91.jar;C:\Users\GS-2218\.m2\repository\com\amazonaws\aws-java-sdk-appflow\1.12.91\aws-java-sdk-appflow-1.12.91.jar;C:\Users\GS-2218\.m2\repository\com\amazonaws\aws-java-sdk-identitystore\1.12.91\aws-java-sdk-identitystore-1.12.91.jar;C:\Users\GS-2218\.m2\repository\com\amazonaws\aws-java-sdk-braket\1.12.91\aws-java-sdk-braket-1.12.91.jar;C:\Users\GS-2218\.m2\repository\com\amazonaws\aws-java-sdk-ivs\1.12.91\aws-java-sdk-ivs-1.12.91.jar;C:\Users\GS-2218\.m2\repository\com\amazonaws\aws-java-sdk-honeycode\1.12.91\aws-java-sdk-honeycode-1.12.91.jar;C:\Users\GS-2218\.m2\repository\com\amazonaws\aws-java-sdk-codeartifact\1.12.91\aws-java-sdk-codeartifact-1.12.91.jar;C:\Users\GS-2218\.m2\repository\com\amazonaws\aws-java-sdk-macie2\1.12.91\aws-java-sdk-macie2-1.12.91.jar;C:\Users\GS-2218\.m2\repository\com\amazonaws\aws-java-sdk-iotsitewise\1.12.91\aws-java-sdk-iotsitewise-1.12.91.jar;C:\Users\GS-2218\.m2\repository\com\amazonaws\aws-java-sdk-synthetics\1.12.91\aws-java-sdk-synthetics-1.12.91.jar;C:\Users\GS-2218\.m2\repository\com\amazonaws\aws-java-sdk-codestarconnections\1.12.91\aws-java-sdk-codestarconnections-1.12.91.jar;C:\Users\GS-2218\.m2\repository\com\amazonaws\aws-java-sdk-detective\1.12.91\aws-java-sdk-detective-1.12.91.jar;C:\Users\GS-2218\.m2\repository\com\amazonaws\aws-java-sdk-kinesisvideosignalingchannels\1.12.91\aws-java-sdk-kinesisvideosignalingchannels-1.12.91.jar;C:\Users\GS-2218\.m2\repository\com\amazonaws\aws-java-sdk-ebs\1.12.91\aws-java-sdk-ebs-1.12.91.jar;C:\Users\GS-2218\.m2\repository\com\amazonaws\aws-java-sdk-augmentedairuntime\1.12.91\aws-java-sdk-augmentedairuntime-1.12.91.jar;C:\Users\GS-2218\.m2\repository\com\amazonaws\aws-java-sdk-outposts\1.12.91\aws-java-sdk-outposts-1.12.91.jar;C:\Users\GS-2218\.m2\repository\com\amazonaws\aws-java-sdk-codeguruprofiler\1.12.91\aws-java-sdk-codeguruprofiler-1.12.91.jar;C:\Users\GS-2218\.m2\repository\com\amazonaws\aws-java-sdk-codegurureviewer\1.12.91\aws-java-sdk-codegurureviewer-1.12.91.jar;C:\Users\GS-2218\.m2\repository\com\amazonaws\aws-java-sdk-frauddetector\1.12.91\aws-java-sdk-frauddetector-1.12.91.jar;C:\Users\GS-2218\.m2\repository\com\amazonaws\aws-java-sdk-kendra\1.12.91\aws-java-sdk-kendra-1.12.91.jar;C:\Users\GS-2218\.m2\repository\com\amazonaws\aws-java-sdk-networkmanager\1.12.91\aws-java-sdk-networkmanager-1.12.91.jar;C:\Users\GS-2218\.m2\repository\com\amazonaws\aws-java-sdk-computeoptimizer\1.12.91\aws-java-sdk-computeoptimizer-1.12.91.jar;C:\Users\GS-2218\.m2\repository\com\amazonaws\aws-java-sdk-accessanalyzer\1.12.91\aws-java-sdk-accessanalyzer-1.12.91.jar;C:\Users\GS-2218\.m2\repository\com\amazonaws\aws-java-sdk-schemas\1.12.91\aws-java-sdk-schemas-1.12.91.jar;C:\Users\GS-2218\.m2\repository\com\amazonaws\aws-java-sdk-imagebuilder\1.12.91\aws-java-sdk-imagebuilder-1.12.91.jar;C:\Users\GS-2218\.m2\repository\com\amazonaws\aws-java-sdk-elasticinference\1.12.91\aws-java-sdk-elasticinference-1.12.91.jar;C:\Users\GS-2218\.m2\repository\com\amazonaws\aws-java-sdk-iotsecuretunneling\1.12.91\aws-java-sdk-iotsecuretunneling-1.12.91.jar;C:\Users\GS-2218\.m2\repository\com\amazonaws\aws-java-sdk-appconfig\1.12.91\aws-java-sdk-appconfig-1.12.91.jar;C:\Users\GS-2218\.m2\repository\com\amazonaws\aws-java-sdk-wafv2\1.12.91\aws-java-sdk-wafv2-1.12.91.jar;C:\Users\GS-2218\.m2\repository\com\amazonaws\aws-java-sdk-connectparticipant\1.12.91\aws-java-sdk-connectparticipant-1.12.91.jar;C:\Users\GS-2218\.m2\repository\com\amazonaws\aws-java-sdk-migrationhubconfig\1.12.91\aws-java-sdk-migrationhubconfig-1.12.91.jar;C:\Users\GS-2218\.m2\repository\com\amazonaws\aws-java-sdk-dataexchange\1.12.91\aws-java-sdk-dataexchange-1.12.91.jar;C:\Users\GS-2218\.m2\repository\com\amazonaws\aws-java-sdk-sesv2\1.12.91\aws-java-sdk-sesv2-1.12.91.jar;C:\Users\GS-2218\.m2\repository\com\amazonaws\aws-java-sdk-marketplacecatalog\1.12.91\aws-java-sdk-marketplacecatalog-1.12.91.jar;C:\Users\GS-2218\.m2\repository\com\amazonaws\aws-java-sdk-ssooidc\1.12.91\aws-java-sdk-ssooidc-1.12.91.jar;C:\Users\GS-2218\.m2\repository\com\amazonaws\aws-java-sdk-sso\1.12.91\aws-java-sdk-sso-1.12.91.jar;C:\Users\GS-2218\.m2\repository\com\amazonaws\aws-java-sdk-savingsplans\1.12.91\aws-java-sdk-savingsplans-1.12.91.jar;C:\Users\GS-2218\.m2\repository\com\amazonaws\aws-java-sdk-codestarnotifications\1.12.91\aws-java-sdk-codestarnotifications-1.12.91.jar;C:\Users\GS-2218\.m2\repository\com\amazonaws\aws-java-sdk-workmailmessageflow\1.12.91\aws-java-sdk-workmailmessageflow-1.12.91.jar;C:\Users\GS-2218\.m2\repository\com\amazonaws\aws-java-sdk-qldbsession\1.12.91\aws-java-sdk-qldbsession-1.12.91.jar;C:\Users\GS-2218\.m2\repository\com\amazonaws\aws-java-sdk-qldb\1.12.91\aws-java-sdk-qldb-1.12.91.jar;C:\Users\GS-2218\.m2\repository\com\amazonaws\aws-java-sdk-forecastquery\1.12.91\aws-java-sdk-forecastquery-1.12.91.jar;C:\Users\GS-2218\.m2\repository\com\amazonaws\aws-java-sdk-forecast\1.12.91\aws-java-sdk-forecast-1.12.91.jar;C:\Users\GS-2218\.m2\repository\com\amazonaws\aws-java-sdk-lakeformation\1.12.91\aws-java-sdk-lakeformation-1.12.91.jar;C:\Users\GS-2218\.m2\repository\com\amazonaws\aws-java-sdk-eventbridge\1.12.91\aws-java-sdk-eventbridge-1.12.91.jar;C:\Users\GS-2218\.m2\repository\com\amazonaws\aws-java-sdk-ec2instanceconnect\1.12.91\aws-java-sdk-ec2instanceconnect-1.12.91.jar;C:\Users\GS-2218\.m2\repository\com\amazonaws\aws-java-sdk-applicationinsights\1.12.91\aws-java-sdk-applicationinsights-1.12.91.jar;C:\Users\GS-2218\.m2\repository\com\amazonaws\aws-java-sdk-servicequotas\1.12.91\aws-java-sdk-servicequotas-1.12.91.jar;C:\Users\GS-2218\.m2\repository\com\amazonaws\aws-java-sdk-personalizeevents\1.12.91\aws-java-sdk-personalizeevents-1.12.91.jar;C:\Users\GS-2218\.m2\repository\com\amazonaws\aws-java-sdk-personalize\1.12.91\aws-java-sdk-personalize-1.12.91.jar;C:\Users\GS-2218\.m2\repository\com\amazonaws\aws-java-sdk-personalizeruntime\1.12.91\aws-java-sdk-personalizeruntime-1.12.91.jar;C:\Users\GS-2218\.m2\repository\com\amazonaws\aws-java-sdk-ioteventsdata\1.12.91\aws-java-sdk-ioteventsdata-1.12.91.jar;C:\Users\GS-2218\.m2\repository\com\amazonaws\aws-java-sdk-iotevents\1.12.91\aws-java-sdk-iotevents-1.12.91.jar;C:\Users\GS-2218\.m2\repository\com\amazonaws\aws-java-sdk-iotthingsgraph\1.12.91\aws-java-sdk-iotthingsgraph-1.12.91.jar;C:\Users\GS-2218\.m2\repository\com\amazonaws\aws-java-sdk-groundstation\1.12.91\aws-java-sdk-groundstation-1.12.91.jar;C:\Users\GS-2218\.m2\repository\com\amazonaws\aws-java-sdk-mediapackagevod\1.12.91\aws-java-sdk-mediapackagevod-1.12.91.jar;C:\Users\GS-2218\.m2\repository\com\amazonaws\aws-java-sdk-managedblockchain\1.12.91\aws-java-sdk-managedblockchain-1.12.91.jar;C:\Users\GS-2218\.m2\repository\com\amazonaws\aws-java-sdk-textract\1.12.91\aws-java-sdk-textract-1.12.91.jar;C:\Users\GS-2218\.m2\repository\com\amazonaws\aws-java-sdk-worklink\1.12.91\aws-java-sdk-worklink-1.12.91.jar;C:\Users\GS-2218\.m2\repository\com\amazonaws\aws-java-sdk-backup\1.12.91\aws-java-sdk-backup-1.12.91.jar;C:\Users\GS-2218\.m2\repository\com\amazonaws\aws-java-sdk-docdb\1.12.91\aws-java-sdk-docdb-1.12.91.jar;C:\Users\GS-2218\.m2\repository\com\amazonaws\aws-java-sdk-apigatewayv2\1.12.91\aws-java-sdk-apigatewayv2-1.12.91.jar;C:\Users\GS-2218\.m2\repository\com\amazonaws\aws-java-sdk-apigatewaymanagementapi\1.12.91\aws-java-sdk-apigatewaymanagementapi-1.12.91.jar;C:\Users\GS-2218\.m2\repository\com\amazonaws\aws-java-sdk-kafka\1.12.91\aws-java-sdk-kafka-1.12.91.jar;C:\Users\GS-2218\.m2\repository\com\amazonaws\aws-java-sdk-appmesh\1.12.91\aws-java-sdk-appmesh-1.12.91.jar;C:\Users\GS-2218\.m2\repository\com\amazonaws\aws-java-sdk-licensemanager\1.12.91\aws-java-sdk-licensemanager-1.12.91.jar;C:\Users\GS-2218\.m2\repository\com\amazonaws\aws-java-sdk-securityhub\1.12.91\aws-java-sdk-securityhub-1.12.91.jar;C:\Users\GS-2218\.m2\repository\com\amazonaws\aws-java-sdk-fsx\1.12.91\aws-java-sdk-fsx-1.12.91.jar;C:\Users\GS-2218\.m2\repository\com\amazonaws\aws-java-sdk-mediaconnect\1.12.91\aws-java-sdk-mediaconnect-1.12.91.jar;C:\Users\GS-2218\.m2\repository\com\amazonaws\aws-java-sdk-kinesisanalyticsv2\1.12.91\aws-java-sdk-kinesisanalyticsv2-1.12.91.jar;C:\Users\GS-2218\.m2\repository\com\amazonaws\aws-java-sdk-comprehendmedical\1.12.91\aws-java-sdk-comprehendmedical-1.12.91.jar;C:\Users\GS-2218\.m2\repository\com\amazonaws\aws-java-sdk-globalaccelerator\1.12.91\aws-java-sdk-globalaccelerator-1.12.91.jar;C:\Users\GS-2218\.m2\repository\com\amazonaws\aws-java-sdk-transfer\1.12.91\aws-java-sdk-transfer-1.12.91.jar;C:\Users\GS-2218\.m2\repository\com\amazonaws\aws-java-sdk-datasync\1.12.91\aws-java-sdk-datasync-1.12.91.jar;C:\Users\GS-2218\.m2\repository\com\amazonaws\aws-java-sdk-robomaker\1.12.91\aws-java-sdk-robomaker-1.12.91.jar;C:\Users\GS-2218\.m2\repository\com\amazonaws\aws-java-sdk-amplify\1.12.91\aws-java-sdk-amplify-1.12.91.jar;C:\Users\GS-2218\.m2\repository\com\amazonaws\aws-java-sdk-quicksight\1.12.91\aws-java-sdk-quicksight-1.12.91.jar;C:\Users\GS-2218\.m2\repository\com\amazonaws\aws-java-sdk-rdsdata\1.12.91\aws-java-sdk-rdsdata-1.12.91.jar;C:\Users\GS-2218\.m2\repository\com\amazonaws\aws-java-sdk-route53resolver\1.12.91\aws-java-sdk-route53resolver-1.12.91.jar;C:\Users\GS-2218\.m2\repository\com\amazonaws\aws-java-sdk-ram\1.12.91\aws-java-sdk-ram-1.12.91.jar;C:\Users\GS-2218\.m2\repository\com\amazonaws\aws-java-sdk-s3control\1.12.91\aws-java-sdk-s3control-1.12.91.jar;C:\Users\GS-2218\.m2\repository\com\amazonaws\aws-java-sdk-pinpointsmsvoice\1.12.91\aws-java-sdk-pinpointsmsvoice-1.12.91.jar;C:\Users\GS-2218\.m2\repository\com\amazonaws\aws-java-sdk-pinpointemail\1.12.91\aws-java-sdk-pinpointemail-1.12.91.jar;C:\Users\GS-2218\.m2\repository\com\amazonaws\aws-java-sdk-chime\1.12.91\aws-java-sdk-chime-1.12.91.jar;C:\Users\GS-2218\.m2\repository\com\amazonaws\aws-java-sdk-signer\1.12.91\aws-java-sdk-signer-1.12.91.jar;C:\Users\GS-2218\.m2\repository\com\amazonaws\aws-java-sdk-dlm\1.12.91\aws-java-sdk-dlm-1.12.91.jar;C:\Users\GS-2218\.m2\repository\com\amazonaws\aws-java-sdk-macie\1.12.91\aws-java-sdk-macie-1.12.91.jar;C:\Users\GS-2218\.m2\repository\com\amazonaws\aws-java-sdk-eks\1.12.91\aws-java-sdk-eks-1.12.91.jar;C:\Users\GS-2218\.m2\repository\com\amazonaws\aws-java-sdk-mediatailor\1.12.91\aws-java-sdk-mediatailor-1.12.91.jar;C:\Users\GS-2218\.m2\repository\com\amazonaws\aws-java-sdk-neptune\1.12.91\aws-java-sdk-neptune-1.12.91.jar;C:\Users\GS-2218\.m2\repository\com\amazonaws\aws-java-sdk-pi\1.12.91\aws-java-sdk-pi-1.12.91.jar;C:\Users\GS-2218\.m2\repository\com\amazonaws\aws-java-sdk-iot1clickprojects\1.12.91\aws-java-sdk-iot1clickprojects-1.12.91.jar;C:\Users\GS-2218\.m2\repository\com\amazonaws\aws-java-sdk-iot1clickdevices\1.12.91\aws-java-sdk-iot1clickdevices-1.12.91.jar;C:\Users\GS-2218\.m2\repository\com\amazonaws\aws-java-sdk-iotanalytics\1.12.91\aws-java-sdk-iotanalytics-1.12.91.jar;C:\Users\GS-2218\.m2\repository\com\amazonaws\aws-java-sdk-acmpca\1.12.91\aws-java-sdk-acmpca-1.12.91.jar;C:\Users\GS-2218\.m2\repository\com\amazonaws\aws-java-sdk-secretsmanager\1.12.91\aws-java-sdk-secretsmanager-1.12.91.jar;C:\Users\GS-2218\.m2\repository\com\amazonaws\aws-java-sdk-fms\1.12.91\aws-java-sdk-fms-1.12.91.jar;C:\Users\GS-2218\.m2\repository\com\amazonaws\aws-java-sdk-connect\1.12.91\aws-java-sdk-connect-1.12.91.jar;C:\Users\GS-2218\.m2\repository\com\amazonaws\aws-java-sdk-transcribe\1.12.91\aws-java-sdk-transcribe-1.12.91.jar;C:\Users\GS-2218\.m2\repository\com\amazonaws\aws-java-sdk-autoscalingplans\1.12.91\aws-java-sdk-autoscalingplans-1.12.91.jar;C:\Users\GS-2218\.m2\repository\com\amazonaws\aws-java-sdk-workmail\1.12.91\aws-java-sdk-workmail-1.12.91.jar;C:\Users\GS-2218\.m2\repository\com\amazonaws\aws-java-sdk-servicediscovery\1.12.91\aws-java-sdk-servicediscovery-1.12.91.jar;C:\Users\GS-2218\.m2\repository\com\amazonaws\aws-java-sdk-cloud9\1.12.91\aws-java-sdk-cloud9-1.12.91.jar;C:\Users\GS-2218\.m2\repository\com\amazonaws\aws-java-sdk-serverlessapplicationrepository\1.12.91\aws-java-sdk-serverlessapplicationrepository-1.12.91.jar;C:\Users\GS-2218\.m2\repository\com\amazonaws\aws-java-sdk-alexaforbusiness\1.12.91\aws-java-sdk-alexaforbusiness-1.12.91.jar;C:\Users\GS-2218\.m2\repository\com\amazonaws\aws-java-sdk-resourcegroups\1.12.91\aws-java-sdk-resourcegroups-1.12.91.jar;C:\Users\GS-2218\.m2\repository\com\amazonaws\aws-java-sdk-comprehend\1.12.91\aws-java-sdk-comprehend-1.12.91.jar;C:\Users\GS-2218\.m2\repository\com\amazonaws\aws-java-sdk-translate\1.12.91\aws-java-sdk-translate-1.12.91.jar;C:\Users\GS-2218\.m2\repository\com\amazonaws\aws-java-sdk-sagemaker\1.12.91\aws-java-sdk-sagemaker-1.12.91.jar;C:\Users\GS-2218\.m2\repository\com\amazonaws\aws-java-sdk-iotjobsdataplane\1.12.91\aws-java-sdk-iotjobsdataplane-1.12.91.jar;C:\Users\GS-2218\.m2\repository\com\amazonaws\aws-java-sdk-sagemakerruntime\1.12.91\aws-java-sdk-sagemakerruntime-1.12.91.jar;C:\Users\GS-2218\.m2\repository\com\amazonaws\aws-java-sdk-kinesisvideo\1.12.91\aws-java-sdk-kinesisvideo-1.12.91.jar;C:\Users\GS-2218\.m2\repository\io\netty\netty-codec-http\4.1.69.Final\netty-codec-http-4.1.69.Final.jar;C:\Users\GS-2218\.m2\repository\io\netty\netty-common\4.1.69.Final\netty-common-4.1.69.Final.jar;C:\Users\GS-2218\.m2\repository\io\netty\netty-buffer\4.1.69.Final\netty-buffer-4.1.69.Final.jar;C:\Users\GS-2218\.m2\repository\io\netty\netty-transport\4.1.69.Final\netty-transport-4.1.69.Final.jar;C:\Users\GS-2218\.m2\repository\io\netty\netty-codec\4.1.69.Final\netty-codec-4.1.69.Final.jar;C:\Users\GS-2218\.m2\repository\io\netty\netty-handler\4.1.69.Final\netty-handler-4.1.69.Final.jar;C:\Users\GS-2218\.m2\repository\io\netty\netty-resolver\4.1.69.Final\netty-resolver-4.1.69.Final.jar;C:\Users\GS-2218\.m2\repository\com\amazonaws\aws-java-sdk-appsync\1.12.91\aws-java-sdk-appsync-1.12.91.jar;C:\Users\GS-2218\.m2\repository\com\amazonaws\aws-java-sdk-guardduty\1.12.91\aws-java-sdk-guardduty-1.12.91.jar;C:\Users\GS-2218\.m2\repository\com\amazonaws\aws-java-sdk-mq\1.12.91\aws-java-sdk-mq-1.12.91.jar;C:\Users\GS-2218\.m2\repository\com\amazonaws\aws-java-sdk-mediaconvert\1.12.91\aws-java-sdk-mediaconvert-1.12.91.jar;C:\Users\GS-2218\.m2\repository\com\amazonaws\aws-java-sdk-mediastore\1.12.91\aws-java-sdk-mediastore-1.12.91.jar;C:\Users\GS-2218\.m2\repository\com\amazonaws\aws-java-sdk-mediastoredata\1.12.91\aws-java-sdk-mediastoredata-1.12.91.jar;C:\Users\GS-2218\.m2\repository\com\amazonaws\aws-java-sdk-medialive\1.12.91\aws-java-sdk-medialive-1.12.91.jar;C:\Users\GS-2218\.m2\repository\com\amazonaws\aws-java-sdk-mediapackage\1.12.91\aws-java-sdk-mediapackage-1.12.91.jar;C:\Users\GS-2218\.m2\repository\com\amazonaws\aws-java-sdk-costexplorer\1.12.91\aws-java-sdk-costexplorer-1.12.91.jar;C:\Users\GS-2218\.m2\repository\com\amazonaws\aws-java-sdk-pricing\1.12.91\aws-java-sdk-pricing-1.12.91.jar;C:\Users\GS-2218\.m2\repository\com\amazonaws\aws-java-sdk-mobile\1.12.91\aws-java-sdk-mobile-1.12.91.jar;C:\Users\GS-2218\.m2\repository\com\amazonaws\aws-java-sdk-cloudhsmv2\1.12.91\aws-java-sdk-cloudhsmv2-1.12.91.jar;C:\Users\GS-2218\.m2\repository\com\amazonaws\aws-java-sdk-glue\1.12.91\aws-java-sdk-glue-1.12.91.jar;C:\Users\GS-2218\.m2\repository\com\amazonaws\aws-java-sdk-migrationhub\1.12.91\aws-java-sdk-migrationhub-1.12.91.jar;C:\Users\GS-2218\.m2\repository\com\amazonaws\aws-java-sdk-dax\1.12.91\aws-java-sdk-dax-1.12.91.jar;C:\Users\GS-2218\.m2\repository\com\amazonaws\aws-java-sdk-greengrass\1.12.91\aws-java-sdk-greengrass-1.12.91.jar;C:\Users\GS-2218\.m2\repository\com\amazonaws\aws-java-sdk-athena\1.12.91\aws-java-sdk-athena-1.12.91.jar;C:\Users\GS-2218\.m2\repository\com\amazonaws\aws-java-sdk-marketplaceentitlement\1.12.91\aws-java-sdk-marketplaceentitlement-1.12.91.jar;C:\Users\GS-2218\.m2\repository\com\amazonaws\aws-java-sdk-codestar\1.12.91\aws-java-sdk-codestar-1.12.91.jar;C:\Users\GS-2218\.m2\repository\com\amazonaws\aws-java-sdk-lexmodelbuilding\1.12.91\aws-java-sdk-lexmodelbuilding-1.12.91.jar;C:\Users\GS-2218\.m2\repository\com\amazonaws\aws-java-sdk-resourcegroupstaggingapi\1.12.91\aws-java-sdk-resourcegroupstaggingapi-1.12.91.jar;C:\Users\GS-2218\.m2\repository\com\amazonaws\aws-java-sdk-pinpoint\1.12.91\aws-java-sdk-pinpoint-1.12.91.jar;C:\Users\GS-2218\.m2\repository\com\amazonaws\aws-java-sdk-xray\1.12.91\aws-java-sdk-xray-1.12.91.jar;C:\Users\GS-2218\.m2\repository\com\amazonaws\aws-java-sdk-opsworkscm\1.12.91\aws-java-sdk-opsworkscm-1.12.91.jar;C:\Users\GS-2218\.m2\repository\com\amazonaws\aws-java-sdk-support\1.12.91\aws-java-sdk-support-1.12.91.jar;C:\Users\GS-2218\.m2\repository\com\amazonaws\aws-java-sdk-simpledb\1.12.91\aws-java-sdk-simpledb-1.12.91.jar;C:\Users\GS-2218\.m2\repository\com\amazonaws\aws-java-sdk-servicecatalog\1.12.91\aws-java-sdk-servicecatalog-1.12.91.jar;C:\Users\GS-2218\.m2\repository\com\amazonaws\aws-java-sdk-servermigration\1.12.91\aws-java-sdk-servermigration-1.12.91.jar;C:\Users\GS-2218\.m2\repository\com\amazonaws\aws-java-sdk-simpleworkflow\1.12.91\aws-java-sdk-simpleworkflow-1.12.91.jar;C:\Users\GS-2218\.m2\repository\com\amazonaws\aws-java-sdk-storagegateway\1.12.91\aws-java-sdk-storagegateway-1.12.91.jar;C:\Users\GS-2218\.m2\repository\com\amazonaws\aws-java-sdk-route53\1.12.91\aws-java-sdk-route53-1.12.91.jar;C:\Users\GS-2218\.m2\repository\com\amazonaws\aws-java-sdk-s3\1.12.91\aws-java-sdk-s3-1.12.91.jar;C:\Users\GS-2218\.m2\repository\com\amazonaws\aws-java-sdk-importexport\1.12.91\aws-java-sdk-importexport-1.12.91.jar;C:\Users\GS-2218\.m2\repository\com\amazonaws\aws-java-sdk-sts\1.12.91\aws-java-sdk-sts-1.12.91.jar;C:\Users\GS-2218\.m2\repository\com\amazonaws\aws-java-sdk-sqs\1.12.91\aws-java-sdk-sqs-1.12.91.jar;C:\Users\GS-2218\.m2\repository\com\amazonaws\aws-java-sdk-rds\1.12.91\aws-java-sdk-rds-1.12.91.jar;C:\Users\GS-2218\.m2\repository\com\amazonaws\aws-java-sdk-redshift\1.12.91\aws-java-sdk-redshift-1.12.91.jar;C:\Users\GS-2218\.m2\repository\com\amazonaws\aws-java-sdk-elasticbeanstalk\1.12.91\aws-java-sdk-elasticbeanstalk-1.12.91.jar;C:\Users\GS-2218\.m2\repository\com\amazonaws\aws-java-sdk-glacier\1.12.91\aws-java-sdk-glacier-1.12.91.jar;C:\Users\GS-2218\.m2\repository\com\amazonaws\aws-java-sdk-iam\1.12.91\aws-java-sdk-iam-1.12.91.jar;C:\Users\GS-2218\.m2\repository\com\amazonaws\aws-java-sdk-datapipeline\1.12.91\aws-java-sdk-datapipeline-1.12.91.jar;C:\Users\GS-2218\.m2\repository\com\amazonaws\aws-java-sdk-elasticloadbalancing\1.12.91\aws-java-sdk-elasticloadbalancing-1.12.91.jar;C:\Users\GS-2218\.m2\repository\com\amazonaws\aws-java-sdk-elasticloadbalancingv2\1.12.91\aws-java-sdk-elasticloadbalancingv2-1.12.91.jar;C:\Users\GS-2218\.m2\repository\com\amazonaws\aws-java-sdk-emr\1.12.91\aws-java-sdk-emr-1.12.91.jar;C:\Users\GS-2218\.m2\repository\com\amazonaws\aws-java-sdk-elasticache\1.12.91\aws-java-sdk-elasticache-1.12.91.jar;C:\Users\GS-2218\.m2\repository\com\amazonaws\aws-java-sdk-elastictranscoder\1.12.91\aws-java-sdk-elastictranscoder-1.12.91.jar;C:\Users\GS-2218\.m2\repository\com\amazonaws\aws-java-sdk-ec2\1.12.91\aws-java-sdk-ec2-1.12.91.jar;C:\Users\GS-2218\.m2\repository\com\amazonaws\aws-java-sdk-sns\1.12.91\aws-java-sdk-sns-1.12.91.jar;C:\Users\GS-2218\.m2\repository\com\amazonaws\aws-java-sdk-budgets\1.12.91\aws-java-sdk-budgets-1.12.91.jar;C:\Users\GS-2218\.m2\repository\com\amazonaws\aws-java-sdk-cloudtrail\1.12.91\aws-java-sdk-cloudtrail-1.12.91.jar;C:\Users\GS-2218\.m2\repository\com\amazonaws\aws-java-sdk-cloudwatch\1.12.91\aws-java-sdk-cloudwatch-1.12.91.jar;C:\Users\GS-2218\.m2\repository\com\amazonaws\aws-java-sdk-logs\1.12.91\aws-java-sdk-logs-1.12.91.jar;C:\Users\GS-2218\.m2\repository\com\amazonaws\aws-java-sdk-events\1.12.91\aws-java-sdk-events-1.12.91.jar;C:\Users\GS-2218\.m2\repository\com\amazonaws\aws-java-sdk-cognitoidentity\1.12.91\aws-java-sdk-cognitoidentity-1.12.91.jar;C:\Users\GS-2218\.m2\repository\com\amazonaws\aws-java-sdk-cognitosync\1.12.91\aws-java-sdk-cognitosync-1.12.91.jar;C:\Users\GS-2218\.m2\repository\com\amazonaws\aws-java-sdk-directconnect\1.12.91\aws-java-sdk-directconnect-1.12.91.jar;C:\Users\GS-2218\.m2\repository\com\amazonaws\aws-java-sdk-cloudformation\1.12.91\aws-java-sdk-cloudformation-1.12.91.jar;C:\Users\GS-2218\.m2\repository\com\amazonaws\aws-java-sdk-cloudfront\1.12.91\aws-java-sdk-cloudfront-1.12.91.jar;C:\Users\GS-2218\.m2\repository\com\amazonaws\aws-java-sdk-clouddirectory\1.12.91\aws-java-sdk-clouddirectory-1.12.91.jar;C:\Users\GS-2218\.m2\repository\com\amazonaws\aws-java-sdk-kinesis\1.12.91\aws-java-sdk-kinesis-1.12.91.jar;C:\Users\GS-2218\.m2\repository\com\amazonaws\aws-java-sdk-opsworks\1.12.91\aws-java-sdk-opsworks-1.12.91.jar;C:\Users\GS-2218\.m2\repository\com\amazonaws\aws-java-sdk-ses\1.12.91\aws-java-sdk-ses-1.12.91.jar;C:\Users\GS-2218\.m2\repository\com\amazonaws\aws-java-sdk-autoscaling\1.12.91\aws-java-sdk-autoscaling-1.12.91.jar;C:\Users\GS-2218\.m2\repository\com\amazonaws\aws-java-sdk-cloudsearch\1.12.91\aws-java-sdk-cloudsearch-1.12.91.jar;C:\Users\GS-2218\.m2\repository\com\amazonaws\aws-java-sdk-cloudwatchmetrics\1.12.91\aws-java-sdk-cloudwatchmetrics-1.12.91.jar;C:\Users\GS-2218\.m2\repository\com\amazonaws\aws-java-sdk-codedeploy\1.12.91\aws-java-sdk-codedeploy-1.12.91.jar;C:\Users\GS-2218\.m2\repository\com\amazonaws\aws-java-sdk-codepipeline\1.12.91\aws-java-sdk-codepipeline-1.12.91.jar;C:\Users\GS-2218\.m2\repository\com\amazonaws\aws-java-sdk-kms\1.12.91\aws-java-sdk-kms-1.12.91.jar;C:\Users\GS-2218\.m2\repository\com\amazonaws\aws-java-sdk-config\1.12.91\aws-java-sdk-config-1.12.91.jar;C:\Users\GS-2218\.m2\repository\com\amazonaws\aws-java-sdk-lambda\1.12.91\aws-java-sdk-lambda-1.12.91.jar;C:\Users\GS-2218\.m2\repository\com\amazonaws\aws-java-sdk-ecs\1.12.91\aws-java-sdk-ecs-1.12.91.jar;C:\Users\GS-2218\.m2\repository\com\amazonaws\aws-java-sdk-ecr\1.12.91\aws-java-sdk-ecr-1.12.91.jar;C:\Users\GS-2218\.m2\repository\com\amazonaws\aws-java-sdk-cloudhsm\1.12.91\aws-java-sdk-cloudhsm-1.12.91.jar;C:\Users\GS-2218\.m2\repository\com\amazonaws\aws-java-sdk-ssm\1.12.91\aws-java-sdk-ssm-1.12.91.jar;C:\Users\GS-2218\.m2\repository\com\amazonaws\aws-java-sdk-workspaces\1.12.91\aws-java-sdk-workspaces-1.12.91.jar;C:\Users\GS-2218\.m2\repository\com\amazonaws\aws-java-sdk-machinelearning\1.12.91\aws-java-sdk-machinelearning-1.12.91.jar;C:\Users\GS-2218\.m2\repository\com\amazonaws\aws-java-sdk-directory\1.12.91\aws-java-sdk-directory-1.12.91.jar;C:\Users\GS-2218\.m2\repository\com\amazonaws\aws-java-sdk-efs\1.12.91\aws-java-sdk-efs-1.12.91.jar;C:\Users\GS-2218\.m2\repository\com\amazonaws\aws-java-sdk-codecommit\1.12.91\aws-java-sdk-codecommit-1.12.91.jar;C:\Users\GS-2218\.m2\repository\com\amazonaws\aws-java-sdk-devicefarm\1.12.91\aws-java-sdk-devicefarm-1.12.91.jar;C:\Users\GS-2218\.m2\repository\com\amazonaws\aws-java-sdk-elasticsearch\1.12.91\aws-java-sdk-elasticsearch-1.12.91.jar;C:\Users\GS-2218\.m2\repository\com\amazonaws\aws-java-sdk-waf\1.12.91\aws-java-sdk-waf-1.12.91.jar;C:\Users\GS-2218\.m2\repository\com\amazonaws\aws-java-sdk-marketplacecommerceanalytics\1.12.91\aws-java-sdk-marketplacecommerceanalytics-1.12.91.jar;C:\Users\GS-2218\.m2\repository\com\amazonaws\aws-java-sdk-inspector\1.12.91\aws-java-sdk-inspector-1.12.91.jar;C:\Users\GS-2218\.m2\repository\com\amazonaws\aws-java-sdk-iot\1.12.91\aws-java-sdk-iot-1.12.91.jar;C:\Users\GS-2218\.m2\repository\com\amazonaws\aws-java-sdk-api-gateway\1.12.91\aws-java-sdk-api-gateway-1.12.91.jar;C:\Users\GS-2218\.m2\repository\com\amazonaws\aws-java-sdk-acm\1.12.91\aws-java-sdk-acm-1.12.91.jar;C:\Users\GS-2218\.m2\repository\com\amazonaws\aws-java-sdk-gamelift\1.12.91\aws-java-sdk-gamelift-1.12.91.jar;C:\Users\GS-2218\.m2\repository\com\amazonaws\aws-java-sdk-dms\1.12.91\aws-java-sdk-dms-1.12.91.jar;C:\Users\GS-2218\.m2\repository\com\amazonaws\aws-java-sdk-marketplacemeteringservice\1.12.91\aws-java-sdk-marketplacemeteringservice-1.12.91.jar;C:\Users\GS-2218\.m2\repository\com\amazonaws\aws-java-sdk-cognitoidp\1.12.91\aws-java-sdk-cognitoidp-1.12.91.jar;C:\Users\GS-2218\.m2\repository\com\amazonaws\aws-java-sdk-discovery\1.12.91\aws-java-sdk-discovery-1.12.91.jar;C:\Users\GS-2218\.m2\repository\com\amazonaws\aws-java-sdk-applicationautoscaling\1.12.91\aws-java-sdk-applicationautoscaling-1.12.91.jar;C:\Users\GS-2218\.m2\repository\com\amazonaws\aws-java-sdk-snowball\1.12.91\aws-java-sdk-snowball-1.12.91.jar;C:\Users\GS-2218\.m2\repository\com\amazonaws\aws-java-sdk-rekognition\1.12.91\aws-java-sdk-rekognition-1.12.91.jar;C:\Users\GS-2218\.m2\repository\com\amazonaws\aws-java-sdk-polly\1.12.91\aws-java-sdk-polly-1.12.91.jar;C:\Users\GS-2218\.m2\repository\com\amazonaws\aws-java-sdk-lightsail\1.12.91\aws-java-sdk-lightsail-1.12.91.jar;C:\Users\GS-2218\.m2\repository\com\amazonaws\aws-java-sdk-stepfunctions\1.12.91\aws-java-sdk-stepfunctions-1.12.91.jar;C:\Users\GS-2218\.m2\repository\com\amazonaws\aws-java-sdk-health\1.12.91\aws-java-sdk-health-1.12.91.jar;C:\Users\GS-2218\.m2\repository\com\amazonaws\aws-java-sdk-costandusagereport\1.12.91\aws-java-sdk-costandusagereport-1.12.91.jar;C:\Users\GS-2218\.m2\repository\com\amazonaws\aws-java-sdk-codebuild\1.12.91\aws-java-sdk-codebuild-1.12.91.jar;C:\Users\GS-2218\.m2\repository\com\amazonaws\aws-java-sdk-appstream\1.12.91\aws-java-sdk-appstream-1.12.91.jar;C:\Users\GS-2218\.m2\repository\com\amazonaws\aws-java-sdk-shield\1.12.91\aws-java-sdk-shield-1.12.91.jar;C:\Users\GS-2218\.m2\repository\com\amazonaws\aws-java-sdk-batch\1.12.91\aws-java-sdk-batch-1.12.91.jar;C:\Users\GS-2218\.m2\repository\com\amazonaws\aws-java-sdk-lex\1.12.91\aws-java-sdk-lex-1.12.91.jar;C:\Users\GS-2218\.m2\repository\com\amazonaws\aws-java-sdk-mechanicalturkrequester\1.12.91\aws-java-sdk-mechanicalturkrequester-1.12.91.jar;C:\Users\GS-2218\.m2\repository\com\amazonaws\aws-java-sdk-organizations\1.12.91\aws-java-sdk-organizations-1.12.91.jar;C:\Users\GS-2218\.m2\repository\com\amazonaws\aws-java-sdk-workdocs\1.12.91\aws-java-sdk-workdocs-1.12.91.jar;C:\Users\GS-2218\.m2\repository\com\amazonaws\aws-java-sdk-core\1.12.91\aws-java-sdk-core-1.12.91.jar;C:\Users\GS-2218\.m2\repository\commons-logging\commons-logging\1.1.3\commons-logging-1.1.3.jar;C:\Users\GS-2218\.m2\repository\commons-codec\commons-codec\1.15\commons-codec-1.15.jar;C:\Users\GS-2218\.m2\repository\org\apache\httpcomponents\httpclient\4.5.13\httpclient-4.5.13.jar;C:\Users\GS-2218\.m2\repository\org\apache\httpcomponents\httpcore\4.4.14\httpcore-4.4.14.jar;C:\Users\GS-2218\.m2\repository\software\amazon\ion\ion-java\1.0.2\ion-java-1.0.2.jar;C:\Users\GS-2218\.m2\repository\com\fasterxml\jackson\dataformat\jackson-dataformat-cbor\2.12.5\jackson-dataformat-cbor-2.12.5.jar;C:\Users\GS-2218\.m2\repository\joda-time\joda-time\2.8.1\joda-time-2.8.1.jar;C:\Users\GS-2218\.m2\repository\com\amazonaws\aws-java-sdk-models\1.12.91\aws-java-sdk-models-1.12.91.jar;C:\Users\GS-2218\.m2\repository\com\amazonaws\aws-java-sdk-swf-libraries\1.11.22\aws-java-sdk-swf-libraries-1.11.22.jar;C:\Users\GS-2218\.m2\repository\com\amazonaws\aws-java-sdk-dynamodb\1.11.573\aws-java-sdk-dynamodb-1.11.573.jar;C:\Users\GS-2218\.m2\repository\com\amazonaws\jmespath-java\1.11.573\jmespath-java-1.11.573.jar;"/>
    <property name="java.vm.vendor" value="Oracle Corporation"/>
    <property name="sun.arch.data.model" value="64"/>
    <property name="user.variant" value=""/>
    <property name="java.vendor.url" value="https://java.oracle.com/"/>
    <property name="user.timezone" value="Asia/Calcutta"/>
    <property name="os.name" value="Windows 10"/>
    <property name="java.vm.specification.version" value="16"/>
    <property name="sun.java.launcher" value="SUN_STANDARD"/>
    <property name="user.country" value="IN"/>
    <property name="sun.boot.library.path" value="C:\Users\GS-2218\STS\sts-4.12.0.RELEASE\plugins\org.eclipse.justj.openjdk.hotspot.jre.full.win32.x86_64_16.0.2.v20210721-1149\jre\bin"/>
    <property name="sun.java.command" value="C:\Users\GS-2218\AppData\Local\Temp\surefire12875950328969924881\surefirebooter1182900393654770740.jar C:\Users\GS-2218\AppData\Local\Temp\surefire12875950328969924881 2021-11-09T16-08-52_509-jvmRun1 surefire2444027120709671657tmp surefire_0616236924579058383tmp"/>
    <property name="jdk.debug" value="release"/>
    <property name="surefire.test.class.path" value="C:\Users\GS-2218\Documents\Spring_Boot_Workspace\exam-service\target\test-classes;C:\Users\GS-2218\Documents\Spring_Boot_Workspace\exam-service\target\classes;C:\Users\GS-2218\.m2\repository\org\springframework\boot\spring-boot-starter-web\2.5.6\spring-boot-starter-web-2.5.6.jar;C:\Users\GS-2218\.m2\repository\org\springframework\boot\spring-boot-starter\2.5.6\spring-boot-starter-2.5.6.jar;C:\Users\GS-2218\.m2\repository\org\springframework\boot\spring-boot\2.5.6\spring-boot-2.5.6.jar;C:\Users\GS-2218\.m2\repository\org\springframework\boot\spring-boot-autoconfigure\2.5.6\spring-boot-autoconfigure-2.5.6.jar;C:\Users\GS-2218\.m2\repository\org\springframework\boot\spring-boot-starter-logging\2.5.6\spring-boot-starter-logging-2.5.6.jar;C:\Users\GS-2218\.m2\repository\ch\qos\logback\logback-classic\1.2.6\logback-classic-1.2.6.jar;C:\Users\GS-2218\.m2\repository\ch\qos\logback\logback-core\1.2.6\logback-core-1.2.6.jar;C:\Users\GS-2218\.m2\repository\org\apache\logging\log4j\log4j-to-slf4j\2.14.1\log4j-to-slf4j-2.14.1.jar;C:\Users\GS-2218\.m2\repository\org\apache\logging\log4j\log4j-api\2.14.1\log4j-api-2.14.1.jar;C:\Users\GS-2218\.m2\repository\org\slf4j\jul-to-slf4j\1.7.32\jul-to-slf4j-1.7.32.jar;C:\Users\GS-2218\.m2\repository\jakarta\annotation\jakarta.annotation-api\1.3.5\jakarta.annotation-api-1.3.5.jar;C:\Users\GS-2218\.m2\repository\org\yaml\snakeyaml\1.28\snakeyaml-1.28.jar;C:\Users\GS-2218\.m2\repository\org\springframework\boot\spring-boot-starter-json\2.5.6\spring-boot-starter-json-2.5.6.jar;C:\Users\GS-2218\.m2\repository\com\fasterxml\jackson\core\jackson-databind\2.12.5\jackson-databind-2.12.5.jar;C:\Users\GS-2218\.m2\repository\com\fasterxml\jackson\core\jackson-annotations\2.12.5\jackson-annotations-2.12.5.jar;C:\Users\GS-2218\.m2\repository\com\fasterxml\jackson\core\jackson-core\2.12.5\jackson-core-2.12.5.jar;C:\Users\GS-2218\.m2\repository\com\fasterxml\jackson\datatype\jackson-datatype-jdk8\2.12.5\jackson-datatype-jdk8-2.12.5.jar;C:\Users\GS-2218\.m2\repository\com\fasterxml\jackson\datatype\jackson-datatype-jsr310\2.12.5\jackson-datatype-jsr310-2.12.5.jar;C:\Users\GS-2218\.m2\repository\com\fasterxml\jackson\module\jackson-module-parameter-names\2.12.5\jackson-module-parameter-names-2.12.5.jar;C:\Users\GS-2218\.m2\repository\org\springframework\boot\spring-boot-starter-tomcat\2.5.6\spring-boot-starter-tomcat-2.5.6.jar;C:\Users\GS-2218\.m2\repository\org\apache\tomcat\embed\tomcat-embed-core\9.0.54\tomcat-embed-core-9.0.54.jar;C:\Users\GS-2218\.m2\repository\org\apache\tomcat\embed\tomcat-embed-el\9.0.54\tomcat-embed-el-9.0.54.jar;C:\Users\GS-2218\.m2\repository\org\apache\tomcat\embed\tomcat-embed-websocket\9.0.54\tomcat-embed-websocket-9.0.54.jar;C:\Users\GS-2218\.m2\repository\org\springframework\spring-web\5.3.12\spring-web-5.3.12.jar;C:\Users\GS-2218\.m2\repository\org\springframework\spring-beans\5.3.12\spring-beans-5.3.12.jar;C:\Users\GS-2218\.m2\repository\org\springframework\spring-webmvc\5.3.12\spring-webmvc-5.3.12.jar;C:\Users\GS-2218\.m2\repository\org\springframework\spring-aop\5.3.12\spring-aop-5.3.12.jar;C:\Users\GS-2218\.m2\repository\org\springframework\spring-context\5.3.12\spring-context-5.3.12.jar;C:\Users\GS-2218\.m2\repository\org\springframework\spring-expression\5.3.12\spring-expression-5.3.12.jar;C:\Users\GS-2218\.m2\repository\org\springframework\boot\spring-boot-starter-test\2.5.6\spring-boot-starter-test-2.5.6.jar;C:\Users\GS-2218\.m2\repository\org\springframework\boot\spring-boot-test\2.5.6\spring-boot-test-2.5.6.jar;C:\Users\GS-2218\.m2\repository\org\springframework\boot\spring-boot-test-autoconfigure\2.5.6\spring-boot-test-autoconfigure-2.5.6.jar;C:\Users\GS-2218\.m2\repository\com\jayway\jsonpath\json-path\2.5.0\json-path-2.5.0.jar;C:\Users\GS-2218\.m2\repository\net\minidev\json-smart\2.4.7\json-smart-2.4.7.jar;C:\Users\GS-2218\.m2\repository\net\minidev\accessors-smart\2.4.7\accessors-smart-2.4.7.jar;C:\Users\GS-2218\.m2\repository\org\ow2\asm\asm\9.1\asm-9.1.jar;C:\Users\GS-2218\.m2\repository\org\slf4j\slf4j-api\1.7.32\slf4j-api-1.7.32.jar;C:\Users\GS-2218\.m2\repository\jakarta\xml\bind\jakarta.xml.bind-api\2.3.3\jakarta.xml.bind-api-2.3.3.jar;C:\Users\GS-2218\.m2\repository\jakarta\activation\jakarta.activation-api\1.2.2\jakarta.activation-api-1.2.2.jar;C:\Users\GS-2218\.m2\repository\org\assertj\assertj-core\3.19.0\assertj-core-3.19.0.jar;C:\Users\GS-2218\.m2\repository\org\hamcrest\hamcrest\2.2\hamcrest-2.2.jar;C:\Users\GS-2218\.m2\repository\org\junit\jupiter\junit-jupiter\5.7.2\junit-jupiter-5.7.2.jar;C:\Users\GS-2218\.m2\repository\org\junit\jupiter\junit-jupiter-api\5.7.2\junit-jupiter-api-5.7.2.jar;C:\Users\GS-2218\.m2\repository\org\apiguardian\apiguardian-api\1.1.0\apiguardian-api-1.1.0.jar;C:\Users\GS-2218\.m2\repository\org\opentest4j\opentest4j\1.2.0\opentest4j-1.2.0.jar;C:\Users\GS-2218\.m2\repository\org\junit\platform\junit-platform-commons\1.7.2\junit-platform-commons-1.7.2.jar;C:\Users\GS-2218\.m2\repository\org\junit\jupiter\junit-jupiter-params\5.7.2\junit-jupiter-params-5.7.2.jar;C:\Users\GS-2218\.m2\repository\org\junit\jupiter\junit-jupiter-engine\5.7.2\junit-jupiter-engine-5.7.2.jar;C:\Users\GS-2218\.m2\repository\org\junit\platform\junit-platform-engine\1.7.2\junit-platform-engine-1.7.2.jar;C:\Users\GS-2218\.m2\repository\org\mockito\mockito-core\3.9.0\mockito-core-3.9.0.jar;C:\Users\GS-2218\.m2\repository\net\bytebuddy\byte-buddy\1.10.22\byte-buddy-1.10.22.jar;C:\Users\GS-2218\.m2\repository\net\bytebuddy\byte-buddy-agent\1.10.22\byte-buddy-agent-1.10.22.jar;C:\Users\GS-2218\.m2\repository\org\objenesis\objenesis\3.2\objenesis-3.2.jar;C:\Users\GS-2218\.m2\repository\org\mockito\mockito-junit-jupiter\3.9.0\mockito-junit-jupiter-3.9.0.jar;C:\Users\GS-2218\.m2\repository\org\skyscreamer\jsonassert\1.5.0\jsonassert-1.5.0.jar;C:\Users\GS-2218\.m2\repository\com\vaadin\external\google\android-json\0.0.20131108.vaadin1\android-json-0.0.20131108.vaadin1.jar;C:\Users\GS-2218\.m2\repository\org\springframework\spring-core\5.3.12\spring-core-5.3.12.jar;C:\Users\GS-2218\.m2\repository\org\springframework\spring-jcl\5.3.12\spring-jcl-5.3.12.jar;C:\Users\GS-2218\.m2\repository\org\springframework\spring-test\5.3.12\spring-test-5.3.12.jar;C:\Users\GS-2218\.m2\repository\org\xmlunit\xmlunit-core\2.8.3\xmlunit-core-2.8.3.jar;C:\Users\GS-2218\.m2\repository\com\amazonaws\aws-java-sdk\1.12.91\aws-java-sdk-1.12.91.jar;C:\Users\GS-2218\.m2\repository\com\amazonaws\aws-java-sdk-managedgrafana\1.12.91\aws-java-sdk-managedgrafana-1.12.91.jar;C:\Users\GS-2218\.m2\repository\com\amazonaws\aws-java-sdk-cloudcontrolapi\1.12.91\aws-java-sdk-cloudcontrolapi-1.12.91.jar;C:\Users\GS-2218\.m2\repository\com\amazonaws\aws-java-sdk-account\1.12.91\aws-java-sdk-account-1.12.91.jar;C:\Users\GS-2218\.m2\repository\com\amazonaws\aws-java-sdk-voiceid\1.12.91\aws-java-sdk-voiceid-1.12.91.jar;C:\Users\GS-2218\.m2\repository\com\amazonaws\aws-java-sdk-connectwisdom\1.12.91\aws-java-sdk-connectwisdom-1.12.91.jar;C:\Users\GS-2218\.m2\repository\com\amazonaws\aws-java-sdk-kafkaconnect\1.12.91\aws-java-sdk-kafkaconnect-1.12.91.jar;C:\Users\GS-2218\.m2\repository\com\amazonaws\aws-java-sdk-opensearch\1.12.91\aws-java-sdk-opensearch-1.12.91.jar;C:\Users\GS-2218\.m2\repository\com\amazonaws\aws-java-sdk-memorydb\1.12.91\aws-java-sdk-memorydb-1.12.91.jar;C:\Users\GS-2218\.m2\repository\com\amazonaws\aws-java-sdk-snowdevicemanagement\1.12.91\aws-java-sdk-snowdevicemanagement-1.12.91.jar;C:\Users\GS-2218\.m2\repository\com\amazonaws\aws-java-sdk-chimesdkidentity\1.12.91\aws-java-sdk-chimesdkidentity-1.12.91.jar;C:\Users\GS-2218\.m2\repository\com\amazonaws\aws-java-sdk-chimesdkmessaging\1.12.91\aws-java-sdk-chimesdkmessaging-1.12.91.jar;C:\Users\GS-2218\.m2\repository\com\amazonaws\aws-java-sdk-route53recoverycluster\1.12.91\aws-java-sdk-route53recoverycluster-1.12.91.jar;C:\Users\GS-2218\.m2\repository\com\amazonaws\aws-java-sdk-route53recoverycontrolconfig\1.12.91\aws-java-sdk-route53recoverycontrolconfig-1.12.91.jar;C:\Users\GS-2218\.m2\repository\com\amazonaws\aws-java-sdk-route53recoveryreadiness\1.12.91\aws-java-sdk-route53recoveryreadiness-1.12.91.jar;C:\Users\GS-2218\.m2\repository\com\amazonaws\aws-java-sdk-proton\1.12.91\aws-java-sdk-proton-1.12.91.jar;C:\Users\GS-2218\.m2\repository\com\amazonaws\aws-java-sdk-apprunner\1.12.91\aws-java-sdk-apprunner-1.12.91.jar;C:\Users\GS-2218\.m2\repository\com\amazonaws\aws-java-sdk-applicationcostprofiler\1.12.91\aws-java-sdk-applicationcostprofiler-1.12.91.jar;C:\Users\GS-2218\.m2\repository\com\amazonaws\aws-java-sdk-ssmcontacts\1.12.91\aws-java-sdk-ssmcontacts-1.12.91.jar;C:\Users\GS-2218\.m2\repository\com\amazonaws\aws-java-sdk-ssmincidents\1.12.91\aws-java-sdk-ssmincidents-1.12.91.jar;C:\Users\GS-2218\.m2\repository\com\amazonaws\aws-java-sdk-finspacedata\1.12.91\aws-java-sdk-finspacedata-1.12.91.jar;C:\Users\GS-2218\.m2\repository\com\amazonaws\aws-java-sdk-finspace\1.12.91\aws-java-sdk-finspace-1.12.91.jar;C:\Users\GS-2218\.m2\repository\com\amazonaws\aws-java-sdk-nimblestudio\1.12.91\aws-java-sdk-nimblestudio-1.12.91.jar;C:\Users\GS-2218\.m2\repository\com\amazonaws\aws-java-sdk-lookoutequipment\1.12.91\aws-java-sdk-lookoutequipment-1.12.91.jar;C:\Users\GS-2218\.m2\repository\com\amazonaws\aws-java-sdk-mgn\1.12.91\aws-java-sdk-mgn-1.12.91.jar;C:\Users\GS-2218\.m2\repository\com\amazonaws\aws-java-sdk-lookoutmetrics\1.12.91\aws-java-sdk-lookoutmetrics-1.12.91.jar;C:\Users\GS-2218\.m2\repository\com\amazonaws\aws-java-sdk-fis\1.12.91\aws-java-sdk-fis-1.12.91.jar;C:\Users\GS-2218\.m2\repository\com\amazonaws\aws-java-sdk-lexmodelsv2\1.12.91\aws-java-sdk-lexmodelsv2-1.12.91.jar;C:\Users\GS-2218\.m2\repository\com\amazonaws\aws-java-sdk-lexruntimev2\1.12.91\aws-java-sdk-lexruntimev2-1.12.91.jar;C:\Users\GS-2218\.m2\repository\com\amazonaws\aws-java-sdk-wellarchitected\1.12.91\aws-java-sdk-wellarchitected-1.12.91.jar;C:\Users\GS-2218\.m2\repository\com\amazonaws\aws-java-sdk-location\1.12.91\aws-java-sdk-location-1.12.91.jar;C:\Users\GS-2218\.m2\repository\com\amazonaws\aws-java-sdk-iotdeviceadvisor\1.12.91\aws-java-sdk-iotdeviceadvisor-1.12.91.jar;C:\Users\GS-2218\.m2\repository\com\amazonaws\aws-java-sdk-iotfleethub\1.12.91\aws-java-sdk-iotfleethub-1.12.91.jar;C:\Users\GS-2218\.m2\repository\com\amazonaws\aws-java-sdk-iotwireless\1.12.91\aws-java-sdk-iotwireless-1.12.91.jar;C:\Users\GS-2218\.m2\repository\com\amazonaws\aws-java-sdk-greengrassv2\1.12.91\aws-java-sdk-greengrassv2-1.12.91.jar;C:\Users\GS-2218\.m2\repository\com\amazonaws\aws-java-sdk-prometheus\1.12.91\aws-java-sdk-prometheus-1.12.91.jar;C:\Users\GS-2218\.m2\repository\com\amazonaws\aws-java-sdk-auditmanager\1.12.91\aws-java-sdk-auditmanager-1.12.91.jar;C:\Users\GS-2218\.m2\repository\com\amazonaws\aws-java-sdk-healthlake\1.12.91\aws-java-sdk-healthlake-1.12.91.jar;C:\Users\GS-2218\.m2\repository\com\amazonaws\aws-java-sdk-sagemakeredgemanager\1.12.91\aws-java-sdk-sagemakeredgemanager-1.12.91.jar;C:\Users\GS-2218\.m2\repository\com\amazonaws\aws-java-sdk-emrcontainers\1.12.91\aws-java-sdk-emrcontainers-1.12.91.jar;C:\Users\GS-2218\.m2\repository\com\amazonaws\aws-java-sdk-customerprofiles\1.12.91\aws-java-sdk-customerprofiles-1.12.91.jar;C:\Users\GS-2218\.m2\repository\com\amazonaws\aws-java-sdk-lookoutforvision\1.12.91\aws-java-sdk-lookoutforvision-1.12.91.jar;C:\Users\GS-2218\.m2\repository\com\amazonaws\aws-java-sdk-connectcontactlens\1.12.91\aws-java-sdk-connectcontactlens-1.12.91.jar;C:\Users\GS-2218\.m2\repository\com\amazonaws\aws-java-sdk-amplifybackend\1.12.91\aws-java-sdk-amplifybackend-1.12.91.jar;C:\Users\GS-2218\.m2\repository\com\amazonaws\aws-java-sdk-ecrpublic\1.12.91\aws-java-sdk-ecrpublic-1.12.91.jar;C:\Users\GS-2218\.m2\repository\com\amazonaws\aws-java-sdk-appintegrations\1.12.91\aws-java-sdk-appintegrations-1.12.91.jar;C:\Users\GS-2218\.m2\repository\com\amazonaws\aws-java-sdk-sagemakerfeaturestoreruntime\1.12.91\aws-java-sdk-sagemakerfeaturestoreruntime-1.12.91.jar;C:\Users\GS-2218\.m2\repository\com\amazonaws\aws-java-sdk-devopsguru\1.12.91\aws-java-sdk-devopsguru-1.12.91.jar;C:\Users\GS-2218\.m2\repository\com\amazonaws\aws-java-sdk-mwaa\1.12.91\aws-java-sdk-mwaa-1.12.91.jar;C:\Users\GS-2218\.m2\repository\com\amazonaws\aws-java-sdk-networkfirewall\1.12.91\aws-java-sdk-networkfirewall-1.12.91.jar;C:\Users\GS-2218\.m2\repository\com\amazonaws\aws-java-sdk-appregistry\1.12.91\aws-java-sdk-appregistry-1.12.91.jar;C:\Users\GS-2218\.m2\repository\com\amazonaws\aws-java-sdk-gluedatabrew\1.12.91\aws-java-sdk-gluedatabrew-1.12.91.jar;C:\Users\GS-2218\.m2\repository\com\amazonaws\aws-java-sdk-s3outposts\1.12.91\aws-java-sdk-s3outposts-1.12.91.jar;C:\Users\GS-2218\.m2\repository\com\amazonaws\aws-java-sdk-timestreamquery\1.12.91\aws-java-sdk-timestreamquery-1.12.91.jar;C:\Users\GS-2218\.m2\repository\com\amazonaws\aws-java-sdk-timestreamwrite\1.12.91\aws-java-sdk-timestreamwrite-1.12.91.jar;C:\Users\GS-2218\.m2\repository\com\amazonaws\aws-java-sdk-ssoadmin\1.12.91\aws-java-sdk-ssoadmin-1.12.91.jar;C:\Users\GS-2218\.m2\repository\com\amazonaws\aws-java-sdk-redshiftdataapi\1.12.91\aws-java-sdk-redshiftdataapi-1.12.91.jar;C:\Users\GS-2218\.m2\repository\com\amazonaws\aws-java-sdk-appflow\1.12.91\aws-java-sdk-appflow-1.12.91.jar;C:\Users\GS-2218\.m2\repository\com\amazonaws\aws-java-sdk-identitystore\1.12.91\aws-java-sdk-identitystore-1.12.91.jar;C:\Users\GS-2218\.m2\repository\com\amazonaws\aws-java-sdk-braket\1.12.91\aws-java-sdk-braket-1.12.91.jar;C:\Users\GS-2218\.m2\repository\com\amazonaws\aws-java-sdk-ivs\1.12.91\aws-java-sdk-ivs-1.12.91.jar;C:\Users\GS-2218\.m2\repository\com\amazonaws\aws-java-sdk-honeycode\1.12.91\aws-java-sdk-honeycode-1.12.91.jar;C:\Users\GS-2218\.m2\repository\com\amazonaws\aws-java-sdk-codeartifact\1.12.91\aws-java-sdk-codeartifact-1.12.91.jar;C:\Users\GS-2218\.m2\repository\com\amazonaws\aws-java-sdk-macie2\1.12.91\aws-java-sdk-macie2-1.12.91.jar;C:\Users\GS-2218\.m2\repository\com\amazonaws\aws-java-sdk-iotsitewise\1.12.91\aws-java-sdk-iotsitewise-1.12.91.jar;C:\Users\GS-2218\.m2\repository\com\amazonaws\aws-java-sdk-synthetics\1.12.91\aws-java-sdk-synthetics-1.12.91.jar;C:\Users\GS-2218\.m2\repository\com\amazonaws\aws-java-sdk-codestarconnections\1.12.91\aws-java-sdk-codestarconnections-1.12.91.jar;C:\Users\GS-2218\.m2\repository\com\amazonaws\aws-java-sdk-detective\1.12.91\aws-java-sdk-detective-1.12.91.jar;C:\Users\GS-2218\.m2\repository\com\amazonaws\aws-java-sdk-kinesisvideosignalingchannels\1.12.91\aws-java-sdk-kinesisvideosignalingchannels-1.12.91.jar;C:\Users\GS-2218\.m2\repository\com\amazonaws\aws-java-sdk-ebs\1.12.91\aws-java-sdk-ebs-1.12.91.jar;C:\Users\GS-2218\.m2\repository\com\amazonaws\aws-java-sdk-augmentedairuntime\1.12.91\aws-java-sdk-augmentedairuntime-1.12.91.jar;C:\Users\GS-2218\.m2\repository\com\amazonaws\aws-java-sdk-outposts\1.12.91\aws-java-sdk-outposts-1.12.91.jar;C:\Users\GS-2218\.m2\repository\com\amazonaws\aws-java-sdk-codeguruprofiler\1.12.91\aws-java-sdk-codeguruprofiler-1.12.91.jar;C:\Users\GS-2218\.m2\repository\com\amazonaws\aws-java-sdk-codegurureviewer\1.12.91\aws-java-sdk-codegurureviewer-1.12.91.jar;C:\Users\GS-2218\.m2\repository\com\amazonaws\aws-java-sdk-frauddetector\1.12.91\aws-java-sdk-frauddetector-1.12.91.jar;C:\Users\GS-2218\.m2\repository\com\amazonaws\aws-java-sdk-kendra\1.12.91\aws-java-sdk-kendra-1.12.91.jar;C:\Users\GS-2218\.m2\repository\com\amazonaws\aws-java-sdk-networkmanager\1.12.91\aws-java-sdk-networkmanager-1.12.91.jar;C:\Users\GS-2218\.m2\repository\com\amazonaws\aws-java-sdk-computeoptimizer\1.12.91\aws-java-sdk-computeoptimizer-1.12.91.jar;C:\Users\GS-2218\.m2\repository\com\amazonaws\aws-java-sdk-accessanalyzer\1.12.91\aws-java-sdk-accessanalyzer-1.12.91.jar;C:\Users\GS-2218\.m2\repository\com\amazonaws\aws-java-sdk-schemas\1.12.91\aws-java-sdk-schemas-1.12.91.jar;C:\Users\GS-2218\.m2\repository\com\amazonaws\aws-java-sdk-imagebuilder\1.12.91\aws-java-sdk-imagebuilder-1.12.91.jar;C:\Users\GS-2218\.m2\repository\com\amazonaws\aws-java-sdk-elasticinference\1.12.91\aws-java-sdk-elasticinference-1.12.91.jar;C:\Users\GS-2218\.m2\repository\com\amazonaws\aws-java-sdk-iotsecuretunneling\1.12.91\aws-java-sdk-iotsecuretunneling-1.12.91.jar;C:\Users\GS-2218\.m2\repository\com\amazonaws\aws-java-sdk-appconfig\1.12.91\aws-java-sdk-appconfig-1.12.91.jar;C:\Users\GS-2218\.m2\repository\com\amazonaws\aws-java-sdk-wafv2\1.12.91\aws-java-sdk-wafv2-1.12.91.jar;C:\Users\GS-2218\.m2\repository\com\amazonaws\aws-java-sdk-connectparticipant\1.12.91\aws-java-sdk-connectparticipant-1.12.91.jar;C:\Users\GS-2218\.m2\repository\com\amazonaws\aws-java-sdk-migrationhubconfig\1.12.91\aws-java-sdk-migrationhubconfig-1.12.91.jar;C:\Users\GS-2218\.m2\repository\com\amazonaws\aws-java-sdk-dataexchange\1.12.91\aws-java-sdk-dataexchange-1.12.91.jar;C:\Users\GS-2218\.m2\repository\com\amazonaws\aws-java-sdk-sesv2\1.12.91\aws-java-sdk-sesv2-1.12.91.jar;C:\Users\GS-2218\.m2\repository\com\amazonaws\aws-java-sdk-marketplacecatalog\1.12.91\aws-java-sdk-marketplacecatalog-1.12.91.jar;C:\Users\GS-2218\.m2\repository\com\amazonaws\aws-java-sdk-ssooidc\1.12.91\aws-java-sdk-ssooidc-1.12.91.jar;C:\Users\GS-2218\.m2\repository\com\amazonaws\aws-java-sdk-sso\1.12.91\aws-java-sdk-sso-1.12.91.jar;C:\Users\GS-2218\.m2\repository\com\amazonaws\aws-java-sdk-savingsplans\1.12.91\aws-java-sdk-savingsplans-1.12.91.jar;C:\Users\GS-2218\.m2\repository\com\amazonaws\aws-java-sdk-codestarnotifications\1.12.91\aws-java-sdk-codestarnotifications-1.12.91.jar;C:\Users\GS-2218\.m2\repository\com\amazonaws\aws-java-sdk-workmailmessageflow\1.12.91\aws-java-sdk-workmailmessageflow-1.12.91.jar;C:\Users\GS-2218\.m2\repository\com\amazonaws\aws-java-sdk-qldbsession\1.12.91\aws-java-sdk-qldbsession-1.12.91.jar;C:\Users\GS-2218\.m2\repository\com\amazonaws\aws-java-sdk-qldb\1.12.91\aws-java-sdk-qldb-1.12.91.jar;C:\Users\GS-2218\.m2\repository\com\amazonaws\aws-java-sdk-forecastquery\1.12.91\aws-java-sdk-forecastquery-1.12.91.jar;C:\Users\GS-2218\.m2\repository\com\amazonaws\aws-java-sdk-forecast\1.12.91\aws-java-sdk-forecast-1.12.91.jar;C:\Users\GS-2218\.m2\repository\com\amazonaws\aws-java-sdk-lakeformation\1.12.91\aws-java-sdk-lakeformation-1.12.91.jar;C:\Users\GS-2218\.m2\repository\com\amazonaws\aws-java-sdk-eventbridge\1.12.91\aws-java-sdk-eventbridge-1.12.91.jar;C:\Users\GS-2218\.m2\repository\com\amazonaws\aws-java-sdk-ec2instanceconnect\1.12.91\aws-java-sdk-ec2instanceconnect-1.12.91.jar;C:\Users\GS-2218\.m2\repository\com\amazonaws\aws-java-sdk-applicationinsights\1.12.91\aws-java-sdk-applicationinsights-1.12.91.jar;C:\Users\GS-2218\.m2\repository\com\amazonaws\aws-java-sdk-servicequotas\1.12.91\aws-java-sdk-servicequotas-1.12.91.jar;C:\Users\GS-2218\.m2\repository\com\amazonaws\aws-java-sdk-personalizeevents\1.12.91\aws-java-sdk-personalizeevents-1.12.91.jar;C:\Users\GS-2218\.m2\repository\com\amazonaws\aws-java-sdk-personalize\1.12.91\aws-java-sdk-personalize-1.12.91.jar;C:\Users\GS-2218\.m2\repository\com\amazonaws\aws-java-sdk-personalizeruntime\1.12.91\aws-java-sdk-personalizeruntime-1.12.91.jar;C:\Users\GS-2218\.m2\repository\com\amazonaws\aws-java-sdk-ioteventsdata\1.12.91\aws-java-sdk-ioteventsdata-1.12.91.jar;C:\Users\GS-2218\.m2\repository\com\amazonaws\aws-java-sdk-iotevents\1.12.91\aws-java-sdk-iotevents-1.12.91.jar;C:\Users\GS-2218\.m2\repository\com\amazonaws\aws-java-sdk-iotthingsgraph\1.12.91\aws-java-sdk-iotthingsgraph-1.12.91.jar;C:\Users\GS-2218\.m2\repository\com\amazonaws\aws-java-sdk-groundstation\1.12.91\aws-java-sdk-groundstation-1.12.91.jar;C:\Users\GS-2218\.m2\repository\com\amazonaws\aws-java-sdk-mediapackagevod\1.12.91\aws-java-sdk-mediapackagevod-1.12.91.jar;C:\Users\GS-2218\.m2\repository\com\amazonaws\aws-java-sdk-managedblockchain\1.12.91\aws-java-sdk-managedblockchain-1.12.91.jar;C:\Users\GS-2218\.m2\repository\com\amazonaws\aws-java-sdk-textract\1.12.91\aws-java-sdk-textract-1.12.91.jar;C:\Users\GS-2218\.m2\repository\com\amazonaws\aws-java-sdk-worklink\1.12.91\aws-java-sdk-worklink-1.12.91.jar;C:\Users\GS-2218\.m2\repository\com\amazonaws\aws-java-sdk-backup\1.12.91\aws-java-sdk-backup-1.12.91.jar;C:\Users\GS-2218\.m2\repository\com\amazonaws\aws-java-sdk-docdb\1.12.91\aws-java-sdk-docdb-1.12.91.jar;C:\Users\GS-2218\.m2\repository\com\amazonaws\aws-java-sdk-apigatewayv2\1.12.91\aws-java-sdk-apigatewayv2-1.12.91.jar;C:\Users\GS-2218\.m2\repository\com\amazonaws\aws-java-sdk-apigatewaymanagementapi\1.12.91\aws-java-sdk-apigatewaymanagementapi-1.12.91.jar;C:\Users\GS-2218\.m2\repository\com\amazonaws\aws-java-sdk-kafka\1.12.91\aws-java-sdk-kafka-1.12.91.jar;C:\Users\GS-2218\.m2\repository\com\amazonaws\aws-java-sdk-appmesh\1.12.91\aws-java-sdk-appmesh-1.12.91.jar;C:\Users\GS-2218\.m2\repository\com\amazonaws\aws-java-sdk-licensemanager\1.12.91\aws-java-sdk-licensemanager-1.12.91.jar;C:\Users\GS-2218\.m2\repository\com\amazonaws\aws-java-sdk-securityhub\1.12.91\aws-java-sdk-securityhub-1.12.91.jar;C:\Users\GS-2218\.m2\repository\com\amazonaws\aws-java-sdk-fsx\1.12.91\aws-java-sdk-fsx-1.12.91.jar;C:\Users\GS-2218\.m2\repository\com\amazonaws\aws-java-sdk-mediaconnect\1.12.91\aws-java-sdk-mediaconnect-1.12.91.jar;C:\Users\GS-2218\.m2\repository\com\amazonaws\aws-java-sdk-kinesisanalyticsv2\1.12.91\aws-java-sdk-kinesisanalyticsv2-1.12.91.jar;C:\Users\GS-2218\.m2\repository\com\amazonaws\aws-java-sdk-comprehendmedical\1.12.91\aws-java-sdk-comprehendmedical-1.12.91.jar;C:\Users\GS-2218\.m2\repository\com\amazonaws\aws-java-sdk-globalaccelerator\1.12.91\aws-java-sdk-globalaccelerator-1.12.91.jar;C:\Users\GS-2218\.m2\repository\com\amazonaws\aws-java-sdk-transfer\1.12.91\aws-java-sdk-transfer-1.12.91.jar;C:\Users\GS-2218\.m2\repository\com\amazonaws\aws-java-sdk-datasync\1.12.91\aws-java-sdk-datasync-1.12.91.jar;C:\Users\GS-2218\.m2\repository\com\amazonaws\aws-java-sdk-robomaker\1.12.91\aws-java-sdk-robomaker-1.12.91.jar;C:\Users\GS-2218\.m2\repository\com\amazonaws\aws-java-sdk-amplify\1.12.91\aws-java-sdk-amplify-1.12.91.jar;C:\Users\GS-2218\.m2\repository\com\amazonaws\aws-java-sdk-quicksight\1.12.91\aws-java-sdk-quicksight-1.12.91.jar;C:\Users\GS-2218\.m2\repository\com\amazonaws\aws-java-sdk-rdsdata\1.12.91\aws-java-sdk-rdsdata-1.12.91.jar;C:\Users\GS-2218\.m2\repository\com\amazonaws\aws-java-sdk-route53resolver\1.12.91\aws-java-sdk-route53resolver-1.12.91.jar;C:\Users\GS-2218\.m2\repository\com\amazonaws\aws-java-sdk-ram\1.12.91\aws-java-sdk-ram-1.12.91.jar;C:\Users\GS-2218\.m2\repository\com\amazonaws\aws-java-sdk-s3control\1.12.91\aws-java-sdk-s3control-1.12.91.jar;C:\Users\GS-2218\.m2\repository\com\amazonaws\aws-java-sdk-pinpointsmsvoice\1.12.91\aws-java-sdk-pinpointsmsvoice-1.12.91.jar;C:\Users\GS-2218\.m2\repository\com\amazonaws\aws-java-sdk-pinpointemail\1.12.91\aws-java-sdk-pinpointemail-1.12.91.jar;C:\Users\GS-2218\.m2\repository\com\amazonaws\aws-java-sdk-chime\1.12.91\aws-java-sdk-chime-1.12.91.jar;C:\Users\GS-2218\.m2\repository\com\amazonaws\aws-java-sdk-signer\1.12.91\aws-java-sdk-signer-1.12.91.jar;C:\Users\GS-2218\.m2\repository\com\amazonaws\aws-java-sdk-dlm\1.12.91\aws-java-sdk-dlm-1.12.91.jar;C:\Users\GS-2218\.m2\repository\com\amazonaws\aws-java-sdk-macie\1.12.91\aws-java-sdk-macie-1.12.91.jar;C:\Users\GS-2218\.m2\repository\com\amazonaws\aws-java-sdk-eks\1.12.91\aws-java-sdk-eks-1.12.91.jar;C:\Users\GS-2218\.m2\repository\com\amazonaws\aws-java-sdk-mediatailor\1.12.91\aws-java-sdk-mediatailor-1.12.91.jar;C:\Users\GS-2218\.m2\repository\com\amazonaws\aws-java-sdk-neptune\1.12.91\aws-java-sdk-neptune-1.12.91.jar;C:\Users\GS-2218\.m2\repository\com\amazonaws\aws-java-sdk-pi\1.12.91\aws-java-sdk-pi-1.12.91.jar;C:\Users\GS-2218\.m2\repository\com\amazonaws\aws-java-sdk-iot1clickprojects\1.12.91\aws-java-sdk-iot1clickprojects-1.12.91.jar;C:\Users\GS-2218\.m2\repository\com\amazonaws\aws-java-sdk-iot1clickdevices\1.12.91\aws-java-sdk-iot1clickdevices-1.12.91.jar;C:\Users\GS-2218\.m2\repository\com\amazonaws\aws-java-sdk-iotanalytics\1.12.91\aws-java-sdk-iotanalytics-1.12.91.jar;C:\Users\GS-2218\.m2\repository\com\amazonaws\aws-java-sdk-acmpca\1.12.91\aws-java-sdk-acmpca-1.12.91.jar;C:\Users\GS-2218\.m2\repository\com\amazonaws\aws-java-sdk-secretsmanager\1.12.91\aws-java-sdk-secretsmanager-1.12.91.jar;C:\Users\GS-2218\.m2\repository\com\amazonaws\aws-java-sdk-fms\1.12.91\aws-java-sdk-fms-1.12.91.jar;C:\Users\GS-2218\.m2\repository\com\amazonaws\aws-java-sdk-connect\1.12.91\aws-java-sdk-connect-1.12.91.jar;C:\Users\GS-2218\.m2\repository\com\amazonaws\aws-java-sdk-transcribe\1.12.91\aws-java-sdk-transcribe-1.12.91.jar;C:\Users\GS-2218\.m2\repository\com\amazonaws\aws-java-sdk-autoscalingplans\1.12.91\aws-java-sdk-autoscalingplans-1.12.91.jar;C:\Users\GS-2218\.m2\repository\com\amazonaws\aws-java-sdk-workmail\1.12.91\aws-java-sdk-workmail-1.12.91.jar;C:\Users\GS-2218\.m2\repository\com\amazonaws\aws-java-sdk-servicediscovery\1.12.91\aws-java-sdk-servicediscovery-1.12.91.jar;C:\Users\GS-2218\.m2\repository\com\amazonaws\aws-java-sdk-cloud9\1.12.91\aws-java-sdk-cloud9-1.12.91.jar;C:\Users\GS-2218\.m2\repository\com\amazonaws\aws-java-sdk-serverlessapplicationrepository\1.12.91\aws-java-sdk-serverlessapplicationrepository-1.12.91.jar;C:\Users\GS-2218\.m2\repository\com\amazonaws\aws-java-sdk-alexaforbusiness\1.12.91\aws-java-sdk-alexaforbusiness-1.12.91.jar;C:\Users\GS-2218\.m2\repository\com\amazonaws\aws-java-sdk-resourcegroups\1.12.91\aws-java-sdk-resourcegroups-1.12.91.jar;C:\Users\GS-2218\.m2\repository\com\amazonaws\aws-java-sdk-comprehend\1.12.91\aws-java-sdk-comprehend-1.12.91.jar;C:\Users\GS-2218\.m2\repository\com\amazonaws\aws-java-sdk-translate\1.12.91\aws-java-sdk-translate-1.12.91.jar;C:\Users\GS-2218\.m2\repository\com\amazonaws\aws-java-sdk-sagemaker\1.12.91\aws-java-sdk-sagemaker-1.12.91.jar;C:\Users\GS-2218\.m2\repository\com\amazonaws\aws-java-sdk-iotjobsdataplane\1.12.91\aws-java-sdk-iotjobsdataplane-1.12.91.jar;C:\Users\GS-2218\.m2\repository\com\amazonaws\aws-java-sdk-sagemakerruntime\1.12.91\aws-java-sdk-sagemakerruntime-1.12.91.jar;C:\Users\GS-2218\.m2\repository\com\amazonaws\aws-java-sdk-kinesisvideo\1.12.91\aws-java-sdk-kinesisvideo-1.12.91.jar;C:\Users\GS-2218\.m2\repository\io\netty\netty-codec-http\4.1.69.Final\netty-codec-http-4.1.69.Final.jar;C:\Users\GS-2218\.m2\repository\io\netty\netty-common\4.1.69.Final\netty-common-4.1.69.Final.jar;C:\Users\GS-2218\.m2\repository\io\netty\netty-buffer\4.1.69.Final\netty-buffer-4.1.69.Final.jar;C:\Users\GS-2218\.m2\repository\io\netty\netty-transport\4.1.69.Final\netty-transport-4.1.69.Final.jar;C:\Users\GS-2218\.m2\repository\io\netty\netty-codec\4.1.69.Final\netty-codec-4.1.69.Final.jar;C:\Users\GS-2218\.m2\repository\io\netty\netty-handler\4.1.69.Final\netty-handler-4.1.69.Final.jar;C:\Users\GS-2218\.m2\repository\io\netty\netty-resolver\4.1.69.Final\netty-resolver-4.1.69.Final.jar;C:\Users\GS-2218\.m2\repository\com\amazonaws\aws-java-sdk-appsync\1.12.91\aws-java-sdk-appsync-1.12.91.jar;C:\Users\GS-2218\.m2\repository\com\amazonaws\aws-java-sdk-guardduty\1.12.91\aws-java-sdk-guardduty-1.12.91.jar;C:\Users\GS-2218\.m2\repository\com\amazonaws\aws-java-sdk-mq\1.12.91\aws-java-sdk-mq-1.12.91.jar;C:\Users\GS-2218\.m2\repository\com\amazonaws\aws-java-sdk-mediaconvert\1.12.91\aws-java-sdk-mediaconvert-1.12.91.jar;C:\Users\GS-2218\.m2\repository\com\amazonaws\aws-java-sdk-mediastore\1.12.91\aws-java-sdk-mediastore-1.12.91.jar;C:\Users\GS-2218\.m2\repository\com\amazonaws\aws-java-sdk-mediastoredata\1.12.91\aws-java-sdk-mediastoredata-1.12.91.jar;C:\Users\GS-2218\.m2\repository\com\amazonaws\aws-java-sdk-medialive\1.12.91\aws-java-sdk-medialive-1.12.91.jar;C:\Users\GS-2218\.m2\repository\com\amazonaws\aws-java-sdk-mediapackage\1.12.91\aws-java-sdk-mediapackage-1.12.91.jar;C:\Users\GS-2218\.m2\repository\com\amazonaws\aws-java-sdk-costexplorer\1.12.91\aws-java-sdk-costexplorer-1.12.91.jar;C:\Users\GS-2218\.m2\repository\com\amazonaws\aws-java-sdk-pricing\1.12.91\aws-java-sdk-pricing-1.12.91.jar;C:\Users\GS-2218\.m2\repository\com\amazonaws\aws-java-sdk-mobile\1.12.91\aws-java-sdk-mobile-1.12.91.jar;C:\Users\GS-2218\.m2\repository\com\amazonaws\aws-java-sdk-cloudhsmv2\1.12.91\aws-java-sdk-cloudhsmv2-1.12.91.jar;C:\Users\GS-2218\.m2\repository\com\amazonaws\aws-java-sdk-glue\1.12.91\aws-java-sdk-glue-1.12.91.jar;C:\Users\GS-2218\.m2\repository\com\amazonaws\aws-java-sdk-migrationhub\1.12.91\aws-java-sdk-migrationhub-1.12.91.jar;C:\Users\GS-2218\.m2\repository\com\amazonaws\aws-java-sdk-dax\1.12.91\aws-java-sdk-dax-1.12.91.jar;C:\Users\GS-2218\.m2\repository\com\amazonaws\aws-java-sdk-greengrass\1.12.91\aws-java-sdk-greengrass-1.12.91.jar;C:\Users\GS-2218\.m2\repository\com\amazonaws\aws-java-sdk-athena\1.12.91\aws-java-sdk-athena-1.12.91.jar;C:\Users\GS-2218\.m2\repository\com\amazonaws\aws-java-sdk-marketplaceentitlement\1.12.91\aws-java-sdk-marketplaceentitlement-1.12.91.jar;C:\Users\GS-2218\.m2\repository\com\amazonaws\aws-java-sdk-codestar\1.12.91\aws-java-sdk-codestar-1.12.91.jar;C:\Users\GS-2218\.m2\repository\com\amazonaws\aws-java-sdk-lexmodelbuilding\1.12.91\aws-java-sdk-lexmodelbuilding-1.12.91.jar;C:\Users\GS-2218\.m2\repository\com\amazonaws\aws-java-sdk-resourcegroupstaggingapi\1.12.91\aws-java-sdk-resourcegroupstaggingapi-1.12.91.jar;C:\Users\GS-2218\.m2\repository\com\amazonaws\aws-java-sdk-pinpoint\1.12.91\aws-java-sdk-pinpoint-1.12.91.jar;C:\Users\GS-2218\.m2\repository\com\amazonaws\aws-java-sdk-xray\1.12.91\aws-java-sdk-xray-1.12.91.jar;C:\Users\GS-2218\.m2\repository\com\amazonaws\aws-java-sdk-opsworkscm\1.12.91\aws-java-sdk-opsworkscm-1.12.91.jar;C:\Users\GS-2218\.m2\repository\com\amazonaws\aws-java-sdk-support\1.12.91\aws-java-sdk-support-1.12.91.jar;C:\Users\GS-2218\.m2\repository\com\amazonaws\aws-java-sdk-simpledb\1.12.91\aws-java-sdk-simpledb-1.12.91.jar;C:\Users\GS-2218\.m2\repository\com\amazonaws\aws-java-sdk-servicecatalog\1.12.91\aws-java-sdk-servicecatalog-1.12.91.jar;C:\Users\GS-2218\.m2\repository\com\amazonaws\aws-java-sdk-servermigration\1.12.91\aws-java-sdk-servermigration-1.12.91.jar;C:\Users\GS-2218\.m2\repository\com\amazonaws\aws-java-sdk-simpleworkflow\1.12.91\aws-java-sdk-simpleworkflow-1.12.91.jar;C:\Users\GS-2218\.m2\repository\com\amazonaws\aws-java-sdk-storagegateway\1.12.91\aws-java-sdk-storagegateway-1.12.91.jar;C:\Users\GS-2218\.m2\repository\com\amazonaws\aws-java-sdk-route53\1.12.91\aws-java-sdk-route53-1.12.91.jar;C:\Users\GS-2218\.m2\repository\com\amazonaws\aws-java-sdk-s3\1.12.91\aws-java-sdk-s3-1.12.91.jar;C:\Users\GS-2218\.m2\repository\com\amazonaws\aws-java-sdk-importexport\1.12.91\aws-java-sdk-importexport-1.12.91.jar;C:\Users\GS-2218\.m2\repository\com\amazonaws\aws-java-sdk-sts\1.12.91\aws-java-sdk-sts-1.12.91.jar;C:\Users\GS-2218\.m2\repository\com\amazonaws\aws-java-sdk-sqs\1.12.91\aws-java-sdk-sqs-1.12.91.jar;C:\Users\GS-2218\.m2\repository\com\amazonaws\aws-java-sdk-rds\1.12.91\aws-java-sdk-rds-1.12.91.jar;C:\Users\GS-2218\.m2\repository\com\amazonaws\aws-java-sdk-redshift\1.12.91\aws-java-sdk-redshift-1.12.91.jar;C:\Users\GS-2218\.m2\repository\com\amazonaws\aws-java-sdk-elasticbeanstalk\1.12.91\aws-java-sdk-elasticbeanstalk-1.12.91.jar;C:\Users\GS-2218\.m2\repository\com\amazonaws\aws-java-sdk-glacier\1.12.91\aws-java-sdk-glacier-1.12.91.jar;C:\Users\GS-2218\.m2\repository\com\amazonaws\aws-java-sdk-iam\1.12.91\aws-java-sdk-iam-1.12.91.jar;C:\Users\GS-2218\.m2\repository\com\amazonaws\aws-java-sdk-datapipeline\1.12.91\aws-java-sdk-datapipeline-1.12.91.jar;C:\Users\GS-2218\.m2\repository\com\amazonaws\aws-java-sdk-elasticloadbalancing\1.12.91\aws-java-sdk-elasticloadbalancing-1.12.91.jar;C:\Users\GS-2218\.m2\repository\com\amazonaws\aws-java-sdk-elasticloadbalancingv2\1.12.91\aws-java-sdk-elasticloadbalancingv2-1.12.91.jar;C:\Users\GS-2218\.m2\repository\com\amazonaws\aws-java-sdk-emr\1.12.91\aws-java-sdk-emr-1.12.91.jar;C:\Users\GS-2218\.m2\repository\com\amazonaws\aws-java-sdk-elasticache\1.12.91\aws-java-sdk-elasticache-1.12.91.jar;C:\Users\GS-2218\.m2\repository\com\amazonaws\aws-java-sdk-elastictranscoder\1.12.91\aws-java-sdk-elastictranscoder-1.12.91.jar;C:\Users\GS-2218\.m2\repository\com\amazonaws\aws-java-sdk-ec2\1.12.91\aws-java-sdk-ec2-1.12.91.jar;C:\Users\GS-2218\.m2\repository\com\amazonaws\aws-java-sdk-sns\1.12.91\aws-java-sdk-sns-1.12.91.jar;C:\Users\GS-2218\.m2\repository\com\amazonaws\aws-java-sdk-budgets\1.12.91\aws-java-sdk-budgets-1.12.91.jar;C:\Users\GS-2218\.m2\repository\com\amazonaws\aws-java-sdk-cloudtrail\1.12.91\aws-java-sdk-cloudtrail-1.12.91.jar;C:\Users\GS-2218\.m2\repository\com\amazonaws\aws-java-sdk-cloudwatch\1.12.91\aws-java-sdk-cloudwatch-1.12.91.jar;C:\Users\GS-2218\.m2\repository\com\amazonaws\aws-java-sdk-logs\1.12.91\aws-java-sdk-logs-1.12.91.jar;C:\Users\GS-2218\.m2\repository\com\amazonaws\aws-java-sdk-events\1.12.91\aws-java-sdk-events-1.12.91.jar;C:\Users\GS-2218\.m2\repository\com\amazonaws\aws-java-sdk-cognitoidentity\1.12.91\aws-java-sdk-cognitoidentity-1.12.91.jar;C:\Users\GS-2218\.m2\repository\com\amazonaws\aws-java-sdk-cognitosync\1.12.91\aws-java-sdk-cognitosync-1.12.91.jar;C:\Users\GS-2218\.m2\repository\com\amazonaws\aws-java-sdk-directconnect\1.12.91\aws-java-sdk-directconnect-1.12.91.jar;C:\Users\GS-2218\.m2\repository\com\amazonaws\aws-java-sdk-cloudformation\1.12.91\aws-java-sdk-cloudformation-1.12.91.jar;C:\Users\GS-2218\.m2\repository\com\amazonaws\aws-java-sdk-cloudfront\1.12.91\aws-java-sdk-cloudfront-1.12.91.jar;C:\Users\GS-2218\.m2\repository\com\amazonaws\aws-java-sdk-clouddirectory\1.12.91\aws-java-sdk-clouddirectory-1.12.91.jar;C:\Users\GS-2218\.m2\repository\com\amazonaws\aws-java-sdk-kinesis\1.12.91\aws-java-sdk-kinesis-1.12.91.jar;C:\Users\GS-2218\.m2\repository\com\amazonaws\aws-java-sdk-opsworks\1.12.91\aws-java-sdk-opsworks-1.12.91.jar;C:\Users\GS-2218\.m2\repository\com\amazonaws\aws-java-sdk-ses\1.12.91\aws-java-sdk-ses-1.12.91.jar;C:\Users\GS-2218\.m2\repository\com\amazonaws\aws-java-sdk-autoscaling\1.12.91\aws-java-sdk-autoscaling-1.12.91.jar;C:\Users\GS-2218\.m2\repository\com\amazonaws\aws-java-sdk-cloudsearch\1.12.91\aws-java-sdk-cloudsearch-1.12.91.jar;C:\Users\GS-2218\.m2\repository\com\amazonaws\aws-java-sdk-cloudwatchmetrics\1.12.91\aws-java-sdk-cloudwatchmetrics-1.12.91.jar;C:\Users\GS-2218\.m2\repository\com\amazonaws\aws-java-sdk-codedeploy\1.12.91\aws-java-sdk-codedeploy-1.12.91.jar;C:\Users\GS-2218\.m2\repository\com\amazonaws\aws-java-sdk-codepipeline\1.12.91\aws-java-sdk-codepipeline-1.12.91.jar;C:\Users\GS-2218\.m2\repository\com\amazonaws\aws-java-sdk-kms\1.12.91\aws-java-sdk-kms-1.12.91.jar;C:\Users\GS-2218\.m2\repository\com\amazonaws\aws-java-sdk-config\1.12.91\aws-java-sdk-config-1.12.91.jar;C:\Users\GS-2218\.m2\repository\com\amazonaws\aws-java-sdk-lambda\1.12.91\aws-java-sdk-lambda-1.12.91.jar;C:\Users\GS-2218\.m2\repository\com\amazonaws\aws-java-sdk-ecs\1.12.91\aws-java-sdk-ecs-1.12.91.jar;C:\Users\GS-2218\.m2\repository\com\amazonaws\aws-java-sdk-ecr\1.12.91\aws-java-sdk-ecr-1.12.91.jar;C:\Users\GS-2218\.m2\repository\com\amazonaws\aws-java-sdk-cloudhsm\1.12.91\aws-java-sdk-cloudhsm-1.12.91.jar;C:\Users\GS-2218\.m2\repository\com\amazonaws\aws-java-sdk-ssm\1.12.91\aws-java-sdk-ssm-1.12.91.jar;C:\Users\GS-2218\.m2\repository\com\amazonaws\aws-java-sdk-workspaces\1.12.91\aws-java-sdk-workspaces-1.12.91.jar;C:\Users\GS-2218\.m2\repository\com\amazonaws\aws-java-sdk-machinelearning\1.12.91\aws-java-sdk-machinelearning-1.12.91.jar;C:\Users\GS-2218\.m2\repository\com\amazonaws\aws-java-sdk-directory\1.12.91\aws-java-sdk-directory-1.12.91.jar;C:\Users\GS-2218\.m2\repository\com\amazonaws\aws-java-sdk-efs\1.12.91\aws-java-sdk-efs-1.12.91.jar;C:\Users\GS-2218\.m2\repository\com\amazonaws\aws-java-sdk-codecommit\1.12.91\aws-java-sdk-codecommit-1.12.91.jar;C:\Users\GS-2218\.m2\repository\com\amazonaws\aws-java-sdk-devicefarm\1.12.91\aws-java-sdk-devicefarm-1.12.91.jar;C:\Users\GS-2218\.m2\repository\com\amazonaws\aws-java-sdk-elasticsearch\1.12.91\aws-java-sdk-elasticsearch-1.12.91.jar;C:\Users\GS-2218\.m2\repository\com\amazonaws\aws-java-sdk-waf\1.12.91\aws-java-sdk-waf-1.12.91.jar;C:\Users\GS-2218\.m2\repository\com\amazonaws\aws-java-sdk-marketplacecommerceanalytics\1.12.91\aws-java-sdk-marketplacecommerceanalytics-1.12.91.jar;C:\Users\GS-2218\.m2\repository\com\amazonaws\aws-java-sdk-inspector\1.12.91\aws-java-sdk-inspector-1.12.91.jar;C:\Users\GS-2218\.m2\repository\com\amazonaws\aws-java-sdk-iot\1.12.91\aws-java-sdk-iot-1.12.91.jar;C:\Users\GS-2218\.m2\repository\com\amazonaws\aws-java-sdk-api-gateway\1.12.91\aws-java-sdk-api-gateway-1.12.91.jar;C:\Users\GS-2218\.m2\repository\com\amazonaws\aws-java-sdk-acm\1.12.91\aws-java-sdk-acm-1.12.91.jar;C:\Users\GS-2218\.m2\repository\com\amazonaws\aws-java-sdk-gamelift\1.12.91\aws-java-sdk-gamelift-1.12.91.jar;C:\Users\GS-2218\.m2\repository\com\amazonaws\aws-java-sdk-dms\1.12.91\aws-java-sdk-dms-1.12.91.jar;C:\Users\GS-2218\.m2\repository\com\amazonaws\aws-java-sdk-marketplacemeteringservice\1.12.91\aws-java-sdk-marketplacemeteringservice-1.12.91.jar;C:\Users\GS-2218\.m2\repository\com\amazonaws\aws-java-sdk-cognitoidp\1.12.91\aws-java-sdk-cognitoidp-1.12.91.jar;C:\Users\GS-2218\.m2\repository\com\amazonaws\aws-java-sdk-discovery\1.12.91\aws-java-sdk-discovery-1.12.91.jar;C:\Users\GS-2218\.m2\repository\com\amazonaws\aws-java-sdk-applicationautoscaling\1.12.91\aws-java-sdk-applicationautoscaling-1.12.91.jar;C:\Users\GS-2218\.m2\repository\com\amazonaws\aws-java-sdk-snowball\1.12.91\aws-java-sdk-snowball-1.12.91.jar;C:\Users\GS-2218\.m2\repository\com\amazonaws\aws-java-sdk-rekognition\1.12.91\aws-java-sdk-rekognition-1.12.91.jar;C:\Users\GS-2218\.m2\repository\com\amazonaws\aws-java-sdk-polly\1.12.91\aws-java-sdk-polly-1.12.91.jar;C:\Users\GS-2218\.m2\repository\com\amazonaws\aws-java-sdk-lightsail\1.12.91\aws-java-sdk-lightsail-1.12.91.jar;C:\Users\GS-2218\.m2\repository\com\amazonaws\aws-java-sdk-stepfunctions\1.12.91\aws-java-sdk-stepfunctions-1.12.91.jar;C:\Users\GS-2218\.m2\repository\com\amazonaws\aws-java-sdk-health\1.12.91\aws-java-sdk-health-1.12.91.jar;C:\Users\GS-2218\.m2\repository\com\amazonaws\aws-java-sdk-costandusagereport\1.12.91\aws-java-sdk-costandusagereport-1.12.91.jar;C:\Users\GS-2218\.m2\repository\com\amazonaws\aws-java-sdk-codebuild\1.12.91\aws-java-sdk-codebuild-1.12.91.jar;C:\Users\GS-2218\.m2\repository\com\amazonaws\aws-java-sdk-appstream\1.12.91\aws-java-sdk-appstream-1.12.91.jar;C:\Users\GS-2218\.m2\repository\com\amazonaws\aws-java-sdk-shield\1.12.91\aws-java-sdk-shield-1.12.91.jar;C:\Users\GS-2218\.m2\repository\com\amazonaws\aws-java-sdk-batch\1.12.91\aws-java-sdk-batch-1.12.91.jar;C:\Users\GS-2218\.m2\repository\com\amazonaws\aws-java-sdk-lex\1.12.91\aws-java-sdk-lex-1.12.91.jar;C:\Users\GS-2218\.m2\repository\com\amazonaws\aws-java-sdk-mechanicalturkrequester\1.12.91\aws-java-sdk-mechanicalturkrequester-1.12.91.jar;C:\Users\GS-2218\.m2\repository\com\amazonaws\aws-java-sdk-organizations\1.12.91\aws-java-sdk-organizations-1.12.91.jar;C:\Users\GS-2218\.m2\repository\com\amazonaws\aws-java-sdk-workdocs\1.12.91\aws-java-sdk-workdocs-1.12.91.jar;C:\Users\GS-2218\.m2\repository\com\amazonaws\aws-java-sdk-core\1.12.91\aws-java-sdk-core-1.12.91.jar;C:\Users\GS-2218\.m2\repository\commons-logging\commons-logging\1.1.3\commons-logging-1.1.3.jar;C:\Users\GS-2218\.m2\repository\commons-codec\commons-codec\1.15\commons-codec-1.15.jar;C:\Users\GS-2218\.m2\repository\org\apache\httpcomponents\httpclient\4.5.13\httpclient-4.5.13.jar;C:\Users\GS-2218\.m2\repository\org\apache\httpcomponents\httpcore\4.4.14\httpcore-4.4.14.jar;C:\Users\GS-2218\.m2\repository\software\amazon\ion\ion-java\1.0.2\ion-java-1.0.2.jar;C:\Users\GS-2218\.m2\repository\com\fasterxml\jackson\dataformat\jackson-dataformat-cbor\2.12.5\jackson-dataformat-cbor-2.12.5.jar;C:\Users\GS-2218\.m2\repository\joda-time\joda-time\2.8.1\joda-time-2.8.1.jar;C:\Users\GS-2218\.m2\repository\com\amazonaws\aws-java-sdk-models\1.12.91\aws-java-sdk-models-1.12.91.jar;C:\Users\GS-2218\.m2\repository\com\amazonaws\aws-java-sdk-swf-libraries\1.11.22\aws-java-sdk-swf-libraries-1.11.22.jar;C:\Users\GS-2218\.m2\repository\com\amazonaws\aws-java-sdk-dynamodb\1.11.573\aws-java-sdk-dynamodb-1.11.573.jar;C:\Users\GS-2218\.m2\repository\com\amazonaws\jmespath-java\1.11.573\jmespath-java-1.11.573.jar;"/>
    <property name="sun.cpu.endian" value="little"/>
    <property name="user.home" value="C:\Users\GS-2218"/>
    <property name="user.language" value="en"/>
    <property name="java.specification.vendor" value="Oracle Corporation"/>
    <property name="java.version.date" value="2021-07-20"/>
    <property name="java.home" value="C:\Users\GS-2218\STS\sts-4.12.0.RELEASE\plugins\org.eclipse.justj.openjdk.hotspot.jre.full.win32.x86_64_16.0.2.v20210721-1149\jre"/>
    <property name="file.separator" value="\"/>
    <property name="style.color" value="always"/>
    <property name="basedir" value="C:\Users\GS-2218\Documents\Spring_Boot_Workspace\exam-service"/>
    <property name="java.vm.compressedOopsMode" value="Zero based"/>
    <property name="line.separator" value="&#10;"/>
    <property name="java.vm.specification.vendor" value="Oracle Corporation"/>
    <property name="java.specification.name" value="Java Platform API Specification"/>
    <property name="surefire.real.class.path" value="C:\Users\GS-2218\AppData\Local\Temp\surefire12875950328969924881\surefirebooter1182900393654770740.jar"/>
    <property name="user.script" value=""/>
    <property name="sun.management.compiler" value="HotSpot 64-Bit Tiered Compilers"/>
    <property name="java.runtime.version" value="16.0.2+7-67"/>
    <property name="user.name" value="GS-2218"/>
    <property name="path.separator" value=";"/>
    <property name="os.version" value="10.0"/>
    <property name="java.runtime.name" value="OpenJDK Runtime Environment"/>
    <property name="file.encoding" value="Cp1252"/>
    <property name="java.vm.name" value="OpenJDK 64-Bit Server VM"/>
    <property name="localRepository" value="C:\Users\GS-2218\.m2\repository"/>
    <property name="java.vendor.url.bug" value="https://bugreport.java.com/bugreport/"/>
    <property name="java.io.tmpdir" value="C:\Users\GS-2218\AppData\Local\Temp\"/>
    <property name="java.version" value="16.0.2"/>
    <property name="user.dir" value="C:\Users\GS-2218\Documents\Spring_Boot_Workspace\exam-service"/>
    <property name="os.arch" value="amd64"/>
    <property name="java.vm.specification.name" value="Java Virtual Machine Specification"/>
    <property name="sun.os.patch.level" value=""/>
    <property name="java.library.path" value="C:\Users\GS-2218\STS\sts-4.12.0.RELEASE\plugins\org.eclipse.justj.openjdk.hotspot.jre.full.win32.x86_64_16.0.2.v20210721-1149\jre\bin;C:\WINDOWS\Sun\Java\bin;C:\WINDOWS\system32;C:\WINDOWS;C:/Users/GS-2218/STS/sts-4.12.0.RELEASE//plugins/org.eclipse.justj.openjdk.hotspot.jre.full.win32.x86_64_16.0.2.v20210721-1149/jre/bin/server;C:/Users/GS-2218/STS/sts-4.12.0.RELEASE//plugins/org.eclipse.justj.openjdk.hotspot.jre.full.win32.x86_64_16.0.2.v20210721-1149/jre/bin;C:\Program Files\Java\jdk1.8.0_271\bin;C:\Program Files (x86)\Common Files\Oracle\Java\javapath;C:\Program Files (x86)\VMware\VMware Player\bin\;C:\WINDOWS\system32;C:\WINDOWS;C:\WINDOWS\System32\Wbem;C:\WINDOWS\System32\WindowsPowerShell\v1.0\;C:\Program Files\ibm\gsk8\lib64;C:\Program Files (x86)\ibm\gsk8\lib;C:\PROGRA~1\IBM\SQLLIB\BIN;C:\PROGRA~1\IBM\SQLLIB\FUNCTION;C:\PROGRA~1\IBM\SQLLIB\SAMPLES\REPL;C:\IBM\ITM\bin;C:\IBM\ITM\TMAITM6;C:\IBM\ITM\InstallITM;C:\WINDOWS\System32\OpenSSH\;C:\HashiCorp\Vagrant\bin;C:\minikube;C:\Program Files\Kubernetes\Minikube;;C:\Program Files\Amazon\AWSCLIV2\;C:\Program Files\Docker\Docker\resources\bin;C:\ProgramData\DockerDesktop\version-bin;C:\Users\GS-2218\AppData\Local\Microsoft\WindowsApps;C:\Program Files (x86)\Sophos\Sophos SSL VPN Client\bin;C:\Users\GS-2218\STS\sts-4.12.0.RELEASE;;."/>
    <property name="java.vm.info" value="mixed mode"/>
    <property name="java.vendor" value="Oracle Corporation"/>
    <property name="java.vm.version" value="16.0.2+7-67"/>
    <property name="sun.io.unicode.encoding" value="UnicodeLittle"/>
    <property name="java.class.version" value="60.0"/>
  </properties>
  <testcase name="contextLoads" classname="com.gslab.exam.ExamServiceApplicationTests" time="0.015">
    <error message="Failed to load ApplicationContext" type="java.lang.IllegalStateException">java.lang.IllegalStateException: Failed to load ApplicationContext
Caused by: org.springframework.beans.factory.UnsatisfiedDependencyException: Error creating bean with name 'examController': Unsatisfied dependency expressed through field 'examService'; nested exception is org.springframework.beans.factory.NoSuchBeanDefinitionException: No qualifying bean of type 'com.gslab.exam.service.ExamService' available: expected at least 1 bean which qualifies as autowire candidate. Dependency annotations: {@org.springframework.beans.factory.annotation.Autowired(required=true)}
Caused by: org.springframework.beans.factory.NoSuchBeanDefinitionException: No qualifying bean of type 'com.gslab.exam.service.ExamService' available: expected at least 1 bean which qualifies as autowire candidate. Dependency annotations: {@org.springframework.beans.factory.annotation.Autowired(required=true)}
</error>
    <system-out><![CDATA[16:08:56.995 [main] DEBUG org.springframework.test.context.BootstrapUtils - Instantiating CacheAwareContextLoaderDelegate from class [org.springframework.test.context.cache.DefaultCacheAwareContextLoaderDelegate]
16:08:57.020 [main] DEBUG org.springframework.test.context.BootstrapUtils - Instantiating BootstrapContext using constructor [public org.springframework.test.context.support.DefaultBootstrapContext(java.lang.Class,org.springframework.test.context.CacheAwareContextLoaderDelegate)]
16:08:57.062 [main] DEBUG org.springframework.test.context.BootstrapUtils - Instantiating TestContextBootstrapper for test class [com.gslab.exam.ExamServiceApplicationTests] from class [org.springframework.boot.test.context.SpringBootTestContextBootstrapper]
16:08:57.075 [main] INFO org.springframework.boot.test.context.SpringBootTestContextBootstrapper - Neither @ContextConfiguration nor @ContextHierarchy found for test class [com.gslab.exam.ExamServiceApplicationTests], using SpringBootContextLoader
16:08:57.080 [main] DEBUG org.springframework.test.context.support.AbstractContextLoader - Did not detect default resource location for test class [com.gslab.exam.ExamServiceApplicationTests]: class path resource [com/gslab/exam/ExamServiceApplicationTests-context.xml] does not exist
16:08:57.081 [main] DEBUG org.springframework.test.context.support.AbstractContextLoader - Did not detect default resource location for test class [com.gslab.exam.ExamServiceApplicationTests]: class path resource [com/gslab/exam/ExamServiceApplicationTestsContext.groovy] does not exist
16:08:57.081 [main] INFO org.springframework.test.context.support.AbstractContextLoader - Could not detect default resource locations for test class [com.gslab.exam.ExamServiceApplicationTests]: no resource found for suffixes {-context.xml, Context.groovy}.
16:08:57.082 [main] INFO org.springframework.test.context.support.AnnotationConfigContextLoaderUtils - Could not detect default configuration classes for test class [com.gslab.exam.ExamServiceApplicationTests]: ExamServiceApplicationTests does not declare any static, non-private, non-final, nested classes annotated with @Configuration.
16:08:57.144 [main] DEBUG org.springframework.test.context.support.ActiveProfilesUtils - Could not find an 'annotation declaring class' for annotation type [org.springframework.test.context.ActiveProfiles] and class [com.gslab.exam.ExamServiceApplicationTests]
16:08:57.222 [main] DEBUG org.springframework.context.annotation.ClassPathScanningCandidateComponentProvider - Identified candidate component class: file [C:\Users\GS-2218\Documents\Spring_Boot_Workspace\exam-service\target\classes\com\gslab\exam\ExamServiceApplication.class]
16:08:57.225 [main] INFO org.springframework.boot.test.context.SpringBootTestContextBootstrapper - Found @SpringBootConfiguration com.gslab.exam.ExamServiceApplication for test class com.gslab.exam.ExamServiceApplicationTests
16:08:57.396 [main] DEBUG org.springframework.boot.test.context.SpringBootTestContextBootstrapper - @TestExecutionListeners is not present for class [com.gslab.exam.ExamServiceApplicationTests]: using defaults.
16:08:57.397 [main] INFO org.springframework.boot.test.context.SpringBootTestContextBootstrapper - Loaded default TestExecutionListener class names from location [META-INF/spring.factories]: [org.springframework.boot.test.mock.mockito.MockitoTestExecutionListener, org.springframework.boot.test.mock.mockito.ResetMocksTestExecutionListener, org.springframework.boot.test.autoconfigure.restdocs.RestDocsTestExecutionListener, org.springframework.boot.test.autoconfigure.web.client.MockRestServiceServerResetTestExecutionListener, org.springframework.boot.test.autoconfigure.web.servlet.MockMvcPrintOnlyOnFailureTestExecutionListener, org.springframework.boot.test.autoconfigure.web.servlet.WebDriverTestExecutionListener, org.springframework.boot.test.autoconfigure.webservices.client.MockWebServiceServerTestExecutionListener, org.springframework.test.context.web.ServletTestExecutionListener, org.springframework.test.context.support.DirtiesContextBeforeModesTestExecutionListener, org.springframework.test.context.event.ApplicationEventsTestExecutionListener, org.springframework.test.context.support.DependencyInjectionTestExecutionListener, org.springframework.test.context.support.DirtiesContextTestExecutionListener, org.springframework.test.context.transaction.TransactionalTestExecutionListener, org.springframework.test.context.jdbc.SqlScriptsTestExecutionListener, org.springframework.test.context.event.EventPublishingTestExecutionListener]
16:08:57.416 [main] DEBUG org.springframework.boot.test.context.SpringBootTestContextBootstrapper - Skipping candidate TestExecutionListener [org.springframework.test.context.transaction.TransactionalTestExecutionListener] due to a missing dependency. Specify custom listener classes or make the default listener classes and their required dependencies available. Offending class: [org/springframework/transaction/interceptor/TransactionAttributeSource]
16:08:57.418 [main] DEBUG org.springframework.boot.test.context.SpringBootTestContextBootstrapper - Skipping candidate TestExecutionListener [org.springframework.test.context.jdbc.SqlScriptsTestExecutionListener] due to a missing dependency. Specify custom listener classes or make the default listener classes and their required dependencies available. Offending class: [org/springframework/transaction/interceptor/TransactionAttribute]
16:08:57.418 [main] INFO org.springframework.boot.test.context.SpringBootTestContextBootstrapper - Using TestExecutionListeners: [org.springframework.test.context.web.ServletTestExecutionListener@1cd201a8, org.springframework.test.context.support.DirtiesContextBeforeModesTestExecutionListener@7db82169, org.springframework.test.context.event.ApplicationEventsTestExecutionListener@1992eaf4, org.springframework.boot.test.mock.mockito.MockitoTestExecutionListener@f74e835, org.springframework.boot.test.autoconfigure.SpringBootDependencyInjectionTestExecutionListener@3276732, org.springframework.test.context.support.DirtiesContextTestExecutionListener@3f28bd56, org.springframework.test.context.event.EventPublishingTestExecutionListener@31e3250d, org.springframework.boot.test.mock.mockito.ResetMocksTestExecutionListener@19fe4644, org.springframework.boot.test.autoconfigure.restdocs.RestDocsTestExecutionListener@21d8bcbe, org.springframework.boot.test.autoconfigure.web.client.MockRestServiceServerResetTestExecutionListener@5be067de, org.springframework.boot.test.autoconfigure.web.servlet.MockMvcPrintOnlyOnFailureTestExecutionListener@7383eae2, org.springframework.boot.test.autoconfigure.web.servlet.WebDriverTestExecutionListener@18245eb0, org.springframework.boot.test.autoconfigure.webservices.client.MockWebServiceServerTestExecutionListener@7c7d3c46]
16:08:57.427 [main] DEBUG org.springframework.test.context.support.AbstractDirtiesContextTestExecutionListener - Before test class: context [DefaultTestContext@267f474e testClass = ExamServiceApplicationTests, testInstance = [null], testMethod = [null], testException = [null], mergedContextConfiguration = [WebMergedContextConfiguration@7a7471ce testClass = ExamServiceApplicationTests, locations = '{}', classes = '{class com.gslab.exam.ExamServiceApplication}', contextInitializerClasses = '[]', activeProfiles = '{}', propertySourceLocations = '{}', propertySourceProperties = '{org.springframework.boot.test.context.SpringBootTestContextBootstrapper=true}', contextCustomizers = set[org.springframework.boot.test.context.filter.ExcludeFilterContextCustomizer@d41f816, org.springframework.boot.test.json.DuplicateJsonObjectContextCustomizerFactory$DuplicateJsonObjectContextCustomizer@78d6692f, org.springframework.boot.test.mock.mockito.MockitoContextCustomizer@0, org.springframework.boot.test.web.client.TestRestTemplateContextCustomizer@21337f7b, org.springframework.boot.test.autoconfigure.actuate.metrics.MetricsExportContextCustomizerFactory$DisableMetricExportContextCustomizer@1458ed9c, org.springframework.boot.test.autoconfigure.properties.PropertyMappingContextCustomizer@0, org.springframework.boot.test.autoconfigure.web.servlet.WebDriverContextCustomizerFactory$Customizer@4f0100a7, org.springframework.boot.test.context.SpringBootTestArgs@1, org.springframework.boot.test.context.SpringBootTestWebEnvironment@11fc564b], resourceBasePath = 'src/main/webapp', contextLoader = 'org.springframework.boot.test.context.SpringBootContextLoader', parent = [null]], attributes = map['org.springframework.test.context.web.ServletTestExecutionListener.activateListener' -> true]], class annotated with @DirtiesContext [false] with mode [null].
16:08:57.477 [main] DEBUG org.springframework.test.context.support.TestPropertySourceUtils - Adding inlined properties to environment: {spring.jmx.enabled=false, org.springframework.boot.test.context.SpringBootTestContextBootstrapper=true}

  .   ____          _            __ _ _
 /\\ / ___'_ __ _ _(_)_ __  __ _ \ \ \ \
( ( )\___ | '_ | '_| | '_ \/ _` | \ \ \ \
 \\/  ___)| |_)| | | | | || (_| |  ) ) ) )
  '  |____| .__|_| |_|_| |_\__, | / / / /
 =========|_|==============|___/=/_/_/_/
 :: Spring Boot ::                (v2.5.6)

2021-11-09 16:08:57.875  INFO 19136 --- [           main] c.g.exam.ExamServiceApplicationTests     : Starting ExamServiceApplicationTests using Java 16.0.2 on GS-4217 with PID 19136 (started by GS-2218 in C:\Users\GS-2218\Documents\Spring_Boot_Workspace\exam-service)
2021-11-09 16:08:57.877  INFO 19136 --- [           main] c.g.exam.ExamServiceApplicationTests     : No active profile set, falling back to default profiles: default
2021-11-09 16:08:59.038  WARN 19136 --- [           main] o.s.w.c.s.GenericWebApplicationContext   : Exception encountered during context initialization - cancelling refresh attempt: org.springframework.beans.factory.UnsatisfiedDependencyException: Error creating bean with name 'examController': Unsatisfied dependency expressed through field 'examService'; nested exception is org.springframework.beans.factory.NoSuchBeanDefinitionException: No qualifying bean of type 'com.gslab.exam.service.ExamService' available: expected at least 1 bean which qualifies as autowire candidate. Dependency annotations: {@org.springframework.beans.factory.annotation.Autowired(required=true)}
2021-11-09 16:08:59.050  INFO 19136 --- [           main] ConditionEvaluationReportLoggingListener : 

Error starting ApplicationContext. To display the conditions report re-run your application with 'debug' enabled.
2021-11-09 16:08:59.078 ERROR 19136 --- [           main] o.s.b.d.LoggingFailureAnalysisReporter   : 

***************************
APPLICATION FAILED TO START
***************************

Description:

Field examService in com.gslab.exam.controller.examController required a bean of type 'com.gslab.exam.service.ExamService' that could not be found.

The injection point has the following annotations:
	- @org.springframework.beans.factory.annotation.Autowired(required=true)


Action:

Consider defining a bean of type 'com.gslab.exam.service.ExamService' in your configuration.

2021-11-09 16:08:59.086 ERROR 19136 --- [           main] o.s.test.context.TestContextManager      : Caught exception while allowing TestExecutionListener [org.springframework.test.context.web.ServletTestExecutionListener@1cd201a8] to prepare test instance [com.gslab.exam.ExamServiceApplicationTests@3dffc764]

java.lang.IllegalStateException: Failed to load ApplicationContext
	at org.springframework.test.context.cache.DefaultCacheAwareContextLoaderDelegate.loadContext(DefaultCacheAwareContextLoaderDelegate.java:132) ~[spring-test-5.3.12.jar:5.3.12]
	at org.springframework.test.context.support.DefaultTestContext.getApplicationContext(DefaultTestContext.java:124) ~[spring-test-5.3.12.jar:5.3.12]
	at org.springframework.test.context.web.ServletTestExecutionListener.setUpRequestContextIfNecessary(ServletTestExecutionListener.java:190) ~[spring-test-5.3.12.jar:5.3.12]
	at org.springframework.test.context.web.ServletTestExecutionListener.prepareTestInstance(ServletTestExecutionListener.java:132) ~[spring-test-5.3.12.jar:5.3.12]
	at org.springframework.test.context.TestContextManager.prepareTestInstance(TestContextManager.java:248) ~[spring-test-5.3.12.jar:5.3.12]
	at org.springframework.test.context.junit.jupiter.SpringExtension.postProcessTestInstance(SpringExtension.java:138) ~[spring-test-5.3.12.jar:5.3.12]
	at org.junit.jupiter.engine.descriptor.ClassBasedTestDescriptor.lambda$invokeTestInstancePostProcessors$6(ClassBasedTestDescriptor.java:350) ~[junit-jupiter-engine-5.7.2.jar:5.7.2]
	at org.junit.jupiter.engine.descriptor.ClassBasedTestDescriptor.executeAndMaskThrowable(ClassBasedTestDescriptor.java:355) ~[junit-jupiter-engine-5.7.2.jar:5.7.2]
	at org.junit.jupiter.engine.descriptor.ClassBasedTestDescriptor.lambda$invokeTestInstancePostProcessors$7(ClassBasedTestDescriptor.java:350) ~[junit-jupiter-engine-5.7.2.jar:5.7.2]
	at java.base/java.util.stream.ReferencePipeline$3$1.accept(ReferencePipeline.java:197) ~[na:na]
	at java.base/java.util.stream.ReferencePipeline$2$1.accept(ReferencePipeline.java:179) ~[na:na]
	at java.base/java.util.ArrayList$ArrayListSpliterator.forEachRemaining(ArrayList.java:1625) ~[na:na]
	at java.base/java.util.stream.AbstractPipeline.copyInto(AbstractPipeline.java:484) ~[na:na]
	at java.base/java.util.stream.AbstractPipeline.wrapAndCopyInto(AbstractPipeline.java:474) ~[na:na]
	at java.base/java.util.stream.StreamSpliterators$WrappingSpliterator.forEachRemaining(StreamSpliterators.java:312) ~[na:na]
	at java.base/java.util.stream.Streams$ConcatSpliterator.forEachRemaining(Streams.java:735) ~[na:na]
	at java.base/java.util.stream.Streams$ConcatSpliterator.forEachRemaining(Streams.java:734) ~[na:na]
	at java.base/java.util.stream.ReferencePipeline$Head.forEach(ReferencePipeline.java:762) ~[na:na]
	at org.junit.jupiter.engine.descriptor.ClassBasedTestDescriptor.invokeTestInstancePostProcessors(ClassBasedTestDescriptor.java:349) ~[junit-jupiter-engine-5.7.2.jar:5.7.2]
	at org.junit.jupiter.engine.descriptor.ClassBasedTestDescriptor.lambda$instantiateAndPostProcessTestInstance$4(ClassBasedTestDescriptor.java:270) ~[junit-jupiter-engine-5.7.2.jar:5.7.2]
	at org.junit.platform.engine.support.hierarchical.ThrowableCollector.execute(ThrowableCollector.java:73) ~[junit-platform-engine-1.7.2.jar:1.7.2]
	at org.junit.jupiter.engine.descriptor.ClassBasedTestDescriptor.instantiateAndPostProcessTestInstance(ClassBasedTestDescriptor.java:269) ~[junit-jupiter-engine-5.7.2.jar:5.7.2]
	at org.junit.jupiter.engine.descriptor.ClassBasedTestDescriptor.lambda$testInstancesProvider$2(ClassBasedTestDescriptor.java:259) ~[junit-jupiter-engine-5.7.2.jar:5.7.2]
	at java.base/java.util.Optional.orElseGet(Optional.java:364) ~[na:na]
	at org.junit.jupiter.engine.descriptor.ClassBasedTestDescriptor.lambda$testInstancesProvider$3(ClassBasedTestDescriptor.java:258) ~[junit-jupiter-engine-5.7.2.jar:5.7.2]
	at org.junit.jupiter.engine.execution.TestInstancesProvider.getTestInstances(TestInstancesProvider.java:31) ~[junit-jupiter-engine-5.7.2.jar:5.7.2]
	at org.junit.jupiter.engine.descriptor.TestMethodTestDescriptor.lambda$prepare$0(TestMethodTestDescriptor.java:101) ~[junit-jupiter-engine-5.7.2.jar:5.7.2]
	at org.junit.platform.engine.support.hierarchical.ThrowableCollector.execute(ThrowableCollector.java:73) ~[junit-platform-engine-1.7.2.jar:1.7.2]
	at org.junit.jupiter.engine.descriptor.TestMethodTestDescriptor.prepare(TestMethodTestDescriptor.java:100) ~[junit-jupiter-engine-5.7.2.jar:5.7.2]
	at org.junit.jupiter.engine.descriptor.TestMethodTestDescriptor.prepare(TestMethodTestDescriptor.java:65) ~[junit-jupiter-engine-5.7.2.jar:5.7.2]
	at org.junit.platform.engine.support.hierarchical.NodeTestTask.lambda$prepare$1(NodeTestTask.java:111) ~[junit-platform-engine-1.7.2.jar:1.7.2]
	at org.junit.platform.engine.support.hierarchical.ThrowableCollector.execute(ThrowableCollector.java:73) ~[junit-platform-engine-1.7.2.jar:1.7.2]
	at org.junit.platform.engine.support.hierarchical.NodeTestTask.prepare(NodeTestTask.java:111) ~[junit-platform-engine-1.7.2.jar:1.7.2]
	at org.junit.platform.engine.support.hierarchical.NodeTestTask.execute(NodeTestTask.java:79) ~[junit-platform-engine-1.7.2.jar:1.7.2]
	at java.base/java.util.ArrayList.forEach(ArrayList.java:1511) ~[na:na]
	at org.junit.platform.engine.support.hierarchical.SameThreadHierarchicalTestExecutorService.invokeAll(SameThreadHierarchicalTestExecutorService.java:38) ~[junit-platform-engine-1.7.2.jar:1.7.2]
	at org.junit.platform.engine.support.hierarchical.NodeTestTask.lambda$executeRecursively$5(NodeTestTask.java:143) ~[junit-platform-engine-1.7.2.jar:1.7.2]
	at org.junit.platform.engine.support.hierarchical.ThrowableCollector.execute(ThrowableCollector.java:73) ~[junit-platform-engine-1.7.2.jar:1.7.2]
	at org.junit.platform.engine.support.hierarchical.NodeTestTask.lambda$executeRecursively$7(NodeTestTask.java:129) ~[junit-platform-engine-1.7.2.jar:1.7.2]
	at org.junit.platform.engine.support.hierarchical.Node.around(Node.java:137) ~[junit-platform-engine-1.7.2.jar:1.7.2]
	at org.junit.platform.engine.support.hierarchical.NodeTestTask.lambda$executeRecursively$8(NodeTestTask.java:127) ~[junit-platform-engine-1.7.2.jar:1.7.2]
	at org.junit.platform.engine.support.hierarchical.ThrowableCollector.execute(ThrowableCollector.java:73) ~[junit-platform-engine-1.7.2.jar:1.7.2]
	at org.junit.platform.engine.support.hierarchical.NodeTestTask.executeRecursively(NodeTestTask.java:126) ~[junit-platform-engine-1.7.2.jar:1.7.2]
	at org.junit.platform.engine.support.hierarchical.NodeTestTask.execute(NodeTestTask.java:84) ~[junit-platform-engine-1.7.2.jar:1.7.2]
	at java.base/java.util.ArrayList.forEach(ArrayList.java:1511) ~[na:na]
	at org.junit.platform.engine.support.hierarchical.SameThreadHierarchicalTestExecutorService.invokeAll(SameThreadHierarchicalTestExecutorService.java:38) ~[junit-platform-engine-1.7.2.jar:1.7.2]
	at org.junit.platform.engine.support.hierarchical.NodeTestTask.lambda$executeRecursively$5(NodeTestTask.java:143) ~[junit-platform-engine-1.7.2.jar:1.7.2]
	at org.junit.platform.engine.support.hierarchical.ThrowableCollector.execute(ThrowableCollector.java:73) ~[junit-platform-engine-1.7.2.jar:1.7.2]
	at org.junit.platform.engine.support.hierarchical.NodeTestTask.lambda$executeRecursively$7(NodeTestTask.java:129) ~[junit-platform-engine-1.7.2.jar:1.7.2]
	at org.junit.platform.engine.support.hierarchical.Node.around(Node.java:137) ~[junit-platform-engine-1.7.2.jar:1.7.2]
	at org.junit.platform.engine.support.hierarchical.NodeTestTask.lambda$executeRecursively$8(NodeTestTask.java:127) ~[junit-platform-engine-1.7.2.jar:1.7.2]
	at org.junit.platform.engine.support.hierarchical.ThrowableCollector.execute(ThrowableCollector.java:73) ~[junit-platform-engine-1.7.2.jar:1.7.2]
	at org.junit.platform.engine.support.hierarchical.NodeTestTask.executeRecursively(NodeTestTask.java:126) ~[junit-platform-engine-1.7.2.jar:1.7.2]
	at org.junit.platform.engine.support.hierarchical.NodeTestTask.execute(NodeTestTask.java:84) ~[junit-platform-engine-1.7.2.jar:1.7.2]
	at org.junit.platform.engine.support.hierarchical.SameThreadHierarchicalTestExecutorService.submit(SameThreadHierarchicalTestExecutorService.java:32) ~[junit-platform-engine-1.7.2.jar:1.7.2]
	at org.junit.platform.engine.support.hierarchical.HierarchicalTestExecutor.execute(HierarchicalTestExecutor.java:57) ~[junit-platform-engine-1.7.2.jar:1.7.2]
	at org.junit.platform.engine.support.hierarchical.HierarchicalTestEngine.execute(HierarchicalTestEngine.java:51) ~[junit-platform-engine-1.7.2.jar:1.7.2]
	at org.junit.platform.launcher.core.DefaultLauncher.execute(DefaultLauncher.java:220) ~[junit-platform-launcher-1.3.1.jar:1.3.1]
	at org.junit.platform.launcher.core.DefaultLauncher.lambda$execute$6(DefaultLauncher.java:188) ~[junit-platform-launcher-1.3.1.jar:1.3.1]
	at org.junit.platform.launcher.core.DefaultLauncher.withInterceptedStreams(DefaultLauncher.java:202) ~[junit-platform-launcher-1.3.1.jar:1.3.1]
	at org.junit.platform.launcher.core.DefaultLauncher.execute(DefaultLauncher.java:181) ~[junit-platform-launcher-1.3.1.jar:1.3.1]
	at org.junit.platform.launcher.core.DefaultLauncher.execute(DefaultLauncher.java:128) ~[junit-platform-launcher-1.3.1.jar:1.3.1]
	at org.apache.maven.surefire.junitplatform.JUnitPlatformProvider.invokeAllTests(JUnitPlatformProvider.java:150) ~[surefire-junit-platform-2.22.2.jar:2.22.2]
	at org.apache.maven.surefire.junitplatform.JUnitPlatformProvider.invoke(JUnitPlatformProvider.java:124) ~[surefire-junit-platform-2.22.2.jar:2.22.2]
	at org.apache.maven.surefire.booter.ForkedBooter.invokeProviderInSameClassLoader(ForkedBooter.java:384) ~[surefire-booter-2.22.2.jar:2.22.2]
	at org.apache.maven.surefire.booter.ForkedBooter.runSuitesInProcess(ForkedBooter.java:345) ~[surefire-booter-2.22.2.jar:2.22.2]
	at org.apache.maven.surefire.booter.ForkedBooter.execute(ForkedBooter.java:126) ~[surefire-booter-2.22.2.jar:2.22.2]
	at org.apache.maven.surefire.booter.ForkedBooter.main(ForkedBooter.java:418) ~[surefire-booter-2.22.2.jar:2.22.2]
Caused by: org.springframework.beans.factory.UnsatisfiedDependencyException: Error creating bean with name 'examController': Unsatisfied dependency expressed through field 'examService'; nested exception is org.springframework.beans.factory.NoSuchBeanDefinitionException: No qualifying bean of type 'com.gslab.exam.service.ExamService' available: expected at least 1 bean which qualifies as autowire candidate. Dependency annotations: {@org.springframework.beans.factory.annotation.Autowired(required=true)}
	at org.springframework.beans.factory.annotation.AutowiredAnnotationBeanPostProcessor$AutowiredFieldElement.resolveFieldValue(AutowiredAnnotationBeanPostProcessor.java:659) ~[spring-beans-5.3.12.jar:5.3.12]
	at org.springframework.beans.factory.annotation.AutowiredAnnotationBeanPostProcessor$AutowiredFieldElement.inject(AutowiredAnnotationBeanPostProcessor.java:639) ~[spring-beans-5.3.12.jar:5.3.12]
	at org.springframework.beans.factory.annotation.InjectionMetadata.inject(InjectionMetadata.java:119) ~[spring-beans-5.3.12.jar:5.3.12]
	at org.springframework.beans.factory.annotation.AutowiredAnnotationBeanPostProcessor.postProcessProperties(AutowiredAnnotationBeanPostProcessor.java:399) ~[spring-beans-5.3.12.jar:5.3.12]
	at org.springframework.beans.factory.support.AbstractAutowireCapableBeanFactory.populateBean(AbstractAutowireCapableBeanFactory.java:1431) ~[spring-beans-5.3.12.jar:5.3.12]
	at org.springframework.beans.factory.support.AbstractAutowireCapableBeanFactory.doCreateBean(AbstractAutowireCapableBeanFactory.java:619) ~[spring-beans-5.3.12.jar:5.3.12]
	at org.springframework.beans.factory.support.AbstractAutowireCapableBeanFactory.createBean(AbstractAutowireCapableBeanFactory.java:542) ~[spring-beans-5.3.12.jar:5.3.12]
	at org.springframework.beans.factory.support.AbstractBeanFactory.lambda$doGetBean$0(AbstractBeanFactory.java:335) ~[spring-beans-5.3.12.jar:5.3.12]
	at org.springframework.beans.factory.support.DefaultSingletonBeanRegistry.getSingleton(DefaultSingletonBeanRegistry.java:234) ~[spring-beans-5.3.12.jar:5.3.12]
	at org.springframework.beans.factory.support.AbstractBeanFactory.doGetBean(AbstractBeanFactory.java:333) ~[spring-beans-5.3.12.jar:5.3.12]
	at org.springframework.beans.factory.support.AbstractBeanFactory.getBean(AbstractBeanFactory.java:208) ~[spring-beans-5.3.12.jar:5.3.12]
	at org.springframework.beans.factory.support.DefaultListableBeanFactory.preInstantiateSingletons(DefaultListableBeanFactory.java:944) ~[spring-beans-5.3.12.jar:5.3.12]
	at org.springframework.context.support.AbstractApplicationContext.finishBeanFactoryInitialization(AbstractApplicationContext.java:918) ~[spring-context-5.3.12.jar:5.3.12]
	at org.springframework.context.support.AbstractApplicationContext.refresh(AbstractApplicationContext.java:583) ~[spring-context-5.3.12.jar:5.3.12]
	at org.springframework.boot.SpringApplication.refresh(SpringApplication.java:754) ~[spring-boot-2.5.6.jar:2.5.6]
	at org.springframework.boot.SpringApplication.refreshContext(SpringApplication.java:434) ~[spring-boot-2.5.6.jar:2.5.6]
	at org.springframework.boot.SpringApplication.run(SpringApplication.java:338) ~[spring-boot-2.5.6.jar:2.5.6]
	at org.springframework.boot.test.context.SpringBootContextLoader.loadContext(SpringBootContextLoader.java:123) ~[spring-boot-test-2.5.6.jar:2.5.6]
	at org.springframework.test.context.cache.DefaultCacheAwareContextLoaderDelegate.loadContextInternal(DefaultCacheAwareContextLoaderDelegate.java:99) ~[spring-test-5.3.12.jar:5.3.12]
	at org.springframework.test.context.cache.DefaultCacheAwareContextLoaderDelegate.loadContext(DefaultCacheAwareContextLoaderDelegate.java:124) ~[spring-test-5.3.12.jar:5.3.12]
	... 67 common frames omitted
Caused by: org.springframework.beans.factory.NoSuchBeanDefinitionException: No qualifying bean of type 'com.gslab.exam.service.ExamService' available: expected at least 1 bean which qualifies as autowire candidate. Dependency annotations: {@org.springframework.beans.factory.annotation.Autowired(required=true)}
	at org.springframework.beans.factory.support.DefaultListableBeanFactory.raiseNoMatchingBeanFound(DefaultListableBeanFactory.java:1790) ~[spring-beans-5.3.12.jar:5.3.12]
	at org.springframework.beans.factory.support.DefaultListableBeanFactory.doResolveDependency(DefaultListableBeanFactory.java:1346) ~[spring-beans-5.3.12.jar:5.3.12]
	at org.springframework.beans.factory.support.DefaultListableBeanFactory.resolveDependency(DefaultListableBeanFactory.java:1300) ~[spring-beans-5.3.12.jar:5.3.12]
	at org.springframework.beans.factory.annotation.AutowiredAnnotationBeanPostProcessor$AutowiredFieldElement.resolveFieldValue(AutowiredAnnotationBeanPostProcessor.java:656) ~[spring-beans-5.3.12.jar:5.3.12]
	... 86 common frames omitted

]]></system-out>
  </testcase>
</testsuite>